Cuda current device  0
Loading features...
Loading segmentation features...
Adding bias to prior subtitle times  2.7
Adding bias to GT subtitle times  0
Loading subtitles associated to sentences...
mode  train
number of samples 8757
Mean feats length samples 23.819230330021696
Standard deviation feats length samples 17.478824009448534
Min feats length samples 3
Max feats length samples 123
80\% percentile feats length 35.80000000000018
90\% percentile feats length 48.0
95\% percentile feats length 60.0
Mean texts length samples 53.13269384492406
Standard deviation texts length samples 41.76429919432809
Min texts length samples 3
Max texts length samples 323
80\% percentile texts length 82.0
90\% percentile texts length 111.0
95\% percentile texts length 137.0
Loading features...
Loading segmentation features...
Adding bias to prior subtitle times  2.7
Adding bias to GT subtitle times  0
Loading subtitles associated to sentences...
mode  val
number of samples 1885
Mean feats length samples 26.616445623342177
Standard deviation feats length samples 18.274617351829736
Min feats length samples 3
Max feats length samples 123
80\% percentile feats length 41.0
90\% percentile feats length 51.0
95\% percentile feats length 62.0
Mean texts length samples 63.36074270557029
Standard deviation texts length samples 45.7253401816422
Min texts length samples 3
Max texts length samples 326
80\% percentile texts length 97.0
90\% percentile texts length 126.0
95\% percentile texts length 148.79999999999995
Model's state_dict:
[32mAdam (
Parameter Group 0
    amsgrad: False
    betas: (0.9, 0.999)
    eps: 1e-08
    lr: 1e-06
    weight_decay: 0
)[0m
Number of parameters: 16225537
[31mWrong parameter length: input_proj_vid.weight, model: torch.Size([512, 768, 1]), loaded: torch.Size([512, 1024, 1])[0m
[32mModel /scratch/shared/beegfs/zifan/checkpoints/subtitle_align/train_coarse_subtitles/checkpoints/model_0000250341.pt loaded![0m
Epoch end: val: dt 0.69 dt/total 1.00 f1@0.5 16.78 f1@0.5_b 53.29 frame_acc 28.92 frame_acc_b 54.30 loss 0.31 t 0.69 
Epoch 1/100
Epoch end: train: dt 1.34 dt/total 0.85 f1@0.5 5.88 f1@0.5_b 46.16 frame_acc 22.76 frame_acc_b 47.97 loss 0.33 t 1.58 
Epoch end: val: dt 0.68 dt/total 1.00 f1@0.5 21.68 f1@0.5_b 52.84 frame_acc 34.94 frame_acc_b 54.33 loss 0.30 t 0.68 
best checkpoint so far!
saving model  model_0000250350.pt
Epoch 2/100
Epoch end: train: dt 1.34 dt/total 0.85 f1@0.5 8.14 f1@0.5_b 46.18 frame_acc 26.98 frame_acc_b 47.85 loss 0.32 t 1.58 
Epoch end: val: dt 0.70 dt/total 1.00 f1@0.5 24.52 f1@0.5_b 52.42 frame_acc 38.01 frame_acc_b 53.81 loss 0.29 t 0.70 
best checkpoint so far!
saving model  model_0000250359.pt
Epoch 3/100
Epoch end: train: dt 1.33 dt/total 0.85 f1@0.5 10.08 f1@0.5_b 46.70 frame_acc 30.88 frame_acc_b 48.16 loss 0.31 t 1.57 
Epoch end: val: dt 0.71 dt/total 1.00 f1@0.5 26.18 f1@0.5_b 51.81 frame_acc 40.49 frame_acc_b 53.71 loss 0.29 t 0.71 
best checkpoint so far!
saving model  model_0000250368.pt
Epoch 4/100
Epoch end: train: dt 1.36 dt/total 0.85 f1@0.5 11.43 f1@0.5_b 46.81 frame_acc 33.86 frame_acc_b 48.33 loss 0.31 t 1.59 
Epoch end: val: dt 0.67 dt/total 1.00 f1@0.5 28.79 f1@0.5_b 53.59 frame_acc 43.39 frame_acc_b 54.25 loss 0.28 t 0.67 
best checkpoint so far!
saving model  model_0000250377.pt
Epoch 5/100
Epoch end: train: dt 1.36 dt/total 0.85 f1@0.5 12.57 f1@0.5_b 46.12 frame_acc 35.45 frame_acc_b 47.77 loss 0.30 t 1.59 
Epoch end: val: dt 0.69 dt/total 1.00 f1@0.5 32.44 f1@0.5_b 53.27 frame_acc 44.85 frame_acc_b 54.38 loss 0.28 t 0.69 
best checkpoint so far!
saving model  model_0000250386.pt
Epoch 6/100
Epoch end: train: dt 1.37 dt/total 0.85 f1@0.5 14.61 f1@0.5_b 45.99 frame_acc 38.60 frame_acc_b 48.22 loss 0.30 t 1.61 
Epoch end: val: dt 0.69 dt/total 1.00 f1@0.5 33.22 f1@0.5_b 52.53 frame_acc 46.04 frame_acc_b 54.02 loss 0.28 t 0.69 
best checkpoint so far!
saving model  model_0000250395.pt
Epoch 7/100
Epoch end: train: dt 1.34 dt/total 0.85 f1@0.5 15.20 f1@0.5_b 45.76 frame_acc 39.29 frame_acc_b 48.07 loss 0.30 t 1.58 
Epoch end: val: dt 0.70 dt/total 1.00 f1@0.5 34.11 f1@0.5_b 53.11 frame_acc 46.87 frame_acc_b 54.28 loss 0.28 t 0.70 
best checkpoint so far!
saving model  model_0000250404.pt
Epoch 8/100
Epoch end: train: dt 1.36 dt/total 0.85 f1@0.5 15.83 f1@0.5_b 46.09 frame_acc 40.07 frame_acc_b 47.66 loss 0.30 t 1.59 
Epoch end: val: dt 0.68 dt/total 1.00 f1@0.5 36.47 f1@0.5_b 54.09 frame_acc 48.60 frame_acc_b 55.04 loss 0.27 t 0.68 
best checkpoint so far!
saving model  model_0000250413.pt
Epoch 9/100
Epoch end: train: dt 1.36 dt/total 0.85 f1@0.5 17.13 f1@0.5_b 46.85 frame_acc 41.01 frame_acc_b 47.98 loss 0.29 t 1.60 
Epoch end: val: dt 0.69 dt/total 1.00 f1@0.5 35.77 f1@0.5_b 54.02 frame_acc 47.82 frame_acc_b 54.19 loss 0.27 t 0.69 
saving model  model_0000250422.pt
Epoch 10/100
Epoch end: train: dt 1.35 dt/total 0.85 f1@0.5 17.19 f1@0.5_b 46.38 frame_acc 41.56 frame_acc_b 48.08 loss 0.29 t 1.58 
Epoch end: val: dt 0.68 dt/total 1.00 f1@0.5 37.12 f1@0.5_b 52.82 frame_acc 48.29 frame_acc_b 54.66 loss 0.27 t 0.68 
saving model  model_0000250431.pt
Epoch 11/100
Epoch end: train: dt 1.37 dt/total 0.85 f1@0.5 18.01 f1@0.5_b 46.88 frame_acc 42.14 frame_acc_b 48.16 loss 0.29 t 1.61 
Epoch end: val: dt 0.69 dt/total 1.00 f1@0.5 39.19 f1@0.5_b 54.09 frame_acc 48.92 frame_acc_b 55.00 loss 0.27 t 0.69 
best checkpoint so far!
saving model  model_0000250440.pt
Epoch 12/100
Epoch end: train: dt 1.35 dt/total 0.85 f1@0.5 18.23 f1@0.5_b 46.81 frame_acc 42.14 frame_acc_b 47.93 loss 0.29 t 1.58 
Epoch end: val: dt 0.70 dt/total 1.00 f1@0.5 39.16 f1@0.5_b 55.14 frame_acc 49.98 frame_acc_b 55.09 loss 0.26 t 0.70 
best checkpoint so far!
saving model  model_0000250449.pt
Epoch 13/100
Epoch end: train: dt 1.37 dt/total 0.85 f1@0.5 19.10 f1@0.5_b 46.76 frame_acc 42.76 frame_acc_b 48.32 loss 0.29 t 1.61 
Epoch end: val: dt 0.69 dt/total 1.00 f1@0.5 40.25 f1@0.5_b 53.48 frame_acc 49.23 frame_acc_b 54.47 loss 0.27 t 0.69 
saving model  model_0000250458.pt
Epoch 14/100
Epoch end: train: dt 1.37 dt/total 0.85 f1@0.5 19.31 f1@0.5_b 46.51 frame_acc 43.25 frame_acc_b 48.25 loss 0.29 t 1.61 
Epoch end: val: dt 0.70 dt/total 1.00 f1@0.5 39.59 f1@0.5_b 54.22 frame_acc 49.92 frame_acc_b 54.42 loss 0.27 t 0.70 
saving model  model_0000250467.pt
Epoch 15/100
Epoch end: train: dt 1.35 dt/total 0.85 f1@0.5 19.32 f1@0.5_b 46.37 frame_acc 43.30 frame_acc_b 48.07 loss 0.29 t 1.59 
Epoch end: val: dt 0.70 dt/total 1.00 f1@0.5 39.21 f1@0.5_b 52.58 frame_acc 49.95 frame_acc_b 53.95 loss 0.26 t 0.70 
saving model  model_0000250476.pt
Epoch 16/100
Epoch end: train: dt 1.37 dt/total 0.85 f1@0.5 20.14 f1@0.5_b 46.82 frame_acc 43.85 frame_acc_b 48.35 loss 0.28 t 1.60 
Epoch end: val: dt 0.70 dt/total 1.00 f1@0.5 39.65 f1@0.5_b 52.02 frame_acc 49.84 frame_acc_b 53.91 loss 0.27 t 0.70 
saving model  model_0000250485.pt
Epoch 17/100
Epoch end: train: dt 1.36 dt/total 0.85 f1@0.5 19.98 f1@0.5_b 46.40 frame_acc 43.49 frame_acc_b 47.94 loss 0.29 t 1.60 
Epoch end: val: dt 0.70 dt/total 1.00 f1@0.5 39.16 f1@0.5_b 51.14 frame_acc 49.48 frame_acc_b 53.53 loss 0.26 t 0.70 
saving model  model_0000250494.pt
Epoch 18/100
Epoch end: train: dt 1.35 dt/total 0.85 f1@0.5 20.53 f1@0.5_b 46.47 frame_acc 43.94 frame_acc_b 48.18 loss 0.28 t 1.58 
Epoch end: val: dt 0.70 dt/total 1.00 f1@0.5 40.60 f1@0.5_b 53.22 frame_acc 50.44 frame_acc_b 54.79 loss 0.26 t 0.70 
best checkpoint so far!
saving model  model_0000250503.pt
Epoch 19/100
Epoch end: train: dt 1.37 dt/total 0.85 f1@0.5 20.54 f1@0.5_b 46.80 frame_acc 44.07 frame_acc_b 47.96 loss 0.28 t 1.61 
Epoch end: val: dt 0.67 dt/total 1.00 f1@0.5 42.34 f1@0.5_b 53.62 frame_acc 50.91 frame_acc_b 54.57 loss 0.26 t 0.67 
best checkpoint so far!
saving model  model_0000250512.pt
Epoch 20/100
Epoch end: train: dt 1.37 dt/total 0.85 f1@0.5 20.95 f1@0.5_b 45.80 frame_acc 44.28 frame_acc_b 48.13 loss 0.28 t 1.61 
Epoch end: val: dt 0.69 dt/total 1.00 f1@0.5 39.47 f1@0.5_b 53.03 frame_acc 49.76 frame_acc_b 54.33 loss 0.26 t 0.69 
saving model  model_0000250521.pt
Epoch 21/100
Epoch end: train: dt 1.36 dt/total 0.85 f1@0.5 21.57 f1@0.5_b 45.61 frame_acc 44.75 frame_acc_b 47.93 loss 0.28 t 1.60 
Epoch end: val: dt 0.70 dt/total 1.00 f1@0.5 41.40 f1@0.5_b 55.02 frame_acc 50.80 frame_acc_b 54.56 loss 0.26 t 0.70 
saving model  model_0000250530.pt
Epoch 22/100
Epoch end: train: dt 1.37 dt/total 0.85 f1@0.5 21.87 f1@0.5_b 46.29 frame_acc 44.70 frame_acc_b 48.27 loss 0.28 t 1.61 
Epoch end: val: dt 0.69 dt/total 1.00 f1@0.5 40.78 f1@0.5_b 53.40 frame_acc 50.22 frame_acc_b 54.03 loss 0.27 t 0.69 
saving model  model_0000250539.pt
Epoch 23/100
Epoch end: train: dt 1.36 dt/total 0.85 f1@0.5 21.90 f1@0.5_b 45.89 frame_acc 44.70 frame_acc_b 48.07 loss 0.28 t 1.59 
Epoch end: val: dt 0.69 dt/total 1.00 f1@0.5 41.84 f1@0.5_b 53.59 frame_acc 50.63 frame_acc_b 54.06 loss 0.26 t 0.69 
saving model  model_0000250548.pt
Epoch 24/100
Epoch end: train: dt 1.36 dt/total 0.85 f1@0.5 22.46 f1@0.5_b 46.92 frame_acc 44.72 frame_acc_b 48.14 loss 0.28 t 1.59 
Epoch end: val: dt 0.70 dt/total 1.00 f1@0.5 43.21 f1@0.5_b 52.98 frame_acc 50.95 frame_acc_b 54.39 loss 0.26 t 0.70 
best checkpoint so far!
saving model  model_0000250557.pt
Epoch 25/100
Epoch end: train: dt 1.34 dt/total 0.85 f1@0.5 22.19 f1@0.5_b 45.93 frame_acc 44.58 frame_acc_b 47.75 loss 0.28 t 1.57 
Epoch end: val: dt 0.70 dt/total 1.00 f1@0.5 41.69 f1@0.5_b 52.76 frame_acc 50.78 frame_acc_b 54.33 loss 0.26 t 0.70 
saving model  model_0000250566.pt
Epoch 26/100
Epoch end: train: dt 1.38 dt/total 0.85 f1@0.5 22.42 f1@0.5_b 46.46 frame_acc 44.94 frame_acc_b 48.07 loss 0.28 t 1.62 
Epoch end: val: dt 0.69 dt/total 1.00 f1@0.5 41.83 f1@0.5_b 54.10 frame_acc 50.72 frame_acc_b 53.92 loss 0.26 t 0.69 
saving model  model_0000250575.pt
Epoch 27/100
Epoch end: train: dt 1.35 dt/total 0.85 f1@0.5 22.61 f1@0.5_b 45.97 frame_acc 44.92 frame_acc_b 47.97 loss 0.28 t 1.59 
Epoch end: val: dt 0.70 dt/total 1.00 f1@0.5 43.25 f1@0.5_b 52.50 frame_acc 50.62 frame_acc_b 54.13 loss 0.26 t 0.70 
saving model  model_0000250584.pt
Epoch 28/100
Epoch end: train: dt 1.38 dt/total 0.85 f1@0.5 23.26 f1@0.5_b 46.96 frame_acc 45.54 frame_acc_b 48.34 loss 0.28 t 1.62 
Epoch end: val: dt 0.72 dt/total 1.00 f1@0.5 42.20 f1@0.5_b 50.77 frame_acc 50.76 frame_acc_b 53.57 loss 0.26 t 0.72 
saving model  model_0000250593.pt
Epoch 29/100
Epoch end: train: dt 1.36 dt/total 0.85 f1@0.5 23.57 f1@0.5_b 45.88 frame_acc 45.14 frame_acc_b 47.85 loss 0.28 t 1.60 
Epoch end: val: dt 0.69 dt/total 1.00 f1@0.5 41.74 f1@0.5_b 53.01 frame_acc 50.34 frame_acc_b 53.85 loss 0.26 t 0.69 
saving model  model_0000250602.pt
Epoch 30/100
Epoch end: train: dt 1.36 dt/total 0.85 f1@0.5 22.93 f1@0.5_b 46.58 frame_acc 45.08 frame_acc_b 47.97 loss 0.28 t 1.59 
Epoch end: val: dt 0.68 dt/total 1.00 f1@0.5 40.59 f1@0.5_b 51.33 frame_acc 49.78 frame_acc_b 53.19 loss 0.26 t 0.68 
saving model  model_0000250611.pt
Epoch 31/100
Epoch end: train: dt 1.36 dt/total 0.85 f1@0.5 23.09 f1@0.5_b 46.56 frame_acc 45.26 frame_acc_b 48.21 loss 0.27 t 1.59 
Epoch end: val: dt 0.68 dt/total 1.00 f1@0.5 44.37 f1@0.5_b 54.77 frame_acc 50.97 frame_acc_b 54.28 loss 0.26 t 0.68 
best checkpoint so far!
saving model  model_0000250620.pt
Epoch 32/100
Epoch end: train: dt 1.34 dt/total 0.85 f1@0.5 23.50 f1@0.5_b 45.98 frame_acc 44.87 frame_acc_b 47.67 loss 0.28 t 1.57 
Epoch end: val: dt 0.69 dt/total 1.00 f1@0.5 43.62 f1@0.5_b 54.04 frame_acc 51.14 frame_acc_b 54.72 loss 0.26 t 0.69 
best checkpoint so far!
saving model  model_0000250629.pt
Epoch 33/100
Epoch end: train: dt 1.36 dt/total 0.85 f1@0.5 23.66 f1@0.5_b 46.77 frame_acc 45.50 frame_acc_b 48.38 loss 0.28 t 1.59 
Epoch end: val: dt 0.69 dt/total 1.00 f1@0.5 41.97 f1@0.5_b 52.98 frame_acc 49.78 frame_acc_b 53.57 loss 0.26 t 0.69 
saving model  model_0000250638.pt
Epoch 34/100
Epoch end: train: dt 1.36 dt/total 0.85 f1@0.5 24.09 f1@0.5_b 46.21 frame_acc 45.26 frame_acc_b 47.99 loss 0.28 t 1.60 
Epoch end: val: dt 0.69 dt/total 1.00 f1@0.5 43.98 f1@0.5_b 54.25 frame_acc 51.47 frame_acc_b 54.60 loss 0.26 t 0.69 
best checkpoint so far!
saving model  model_0000250647.pt
Epoch 35/100
Epoch end: train: dt 1.35 dt/total 0.85 f1@0.5 24.21 f1@0.5_b 46.48 frame_acc 45.48 frame_acc_b 47.83 loss 0.28 t 1.58 
Epoch end: val: dt 0.68 dt/total 1.00 f1@0.5 43.29 f1@0.5_b 53.88 frame_acc 50.99 frame_acc_b 54.27 loss 0.26 t 0.68 
saving model  model_0000250656.pt
Epoch 36/100
Epoch end: train: dt 1.36 dt/total 0.85 f1@0.5 23.62 f1@0.5_b 47.10 frame_acc 45.46 frame_acc_b 48.04 loss 0.27 t 1.60 
Epoch end: val: dt 0.69 dt/total 1.00 f1@0.5 43.80 f1@0.5_b 53.46 frame_acc 50.43 frame_acc_b 53.59 loss 0.26 t 0.69 
saving model  model_0000250665.pt
Epoch 37/100
Epoch end: train: dt 1.34 dt/total 0.85 f1@0.5 24.33 f1@0.5_b 46.37 frame_acc 45.36 frame_acc_b 47.99 loss 0.27 t 1.58 
Epoch end: val: dt 0.67 dt/total 1.00 f1@0.5 45.78 f1@0.5_b 55.72 frame_acc 52.83 frame_acc_b 55.70 loss 0.25 t 0.67 
best checkpoint so far!
saving model  model_0000250674.pt
Epoch 38/100
Epoch end: train: dt 1.37 dt/total 0.85 f1@0.5 24.60 f1@0.5_b 46.35 frame_acc 45.54 frame_acc_b 48.07 loss 0.27 t 1.61 
Epoch end: val: dt 0.69 dt/total 1.00 f1@0.5 44.91 f1@0.5_b 53.20 frame_acc 51.21 frame_acc_b 53.89 loss 0.26 t 0.69 
saving model  model_0000250683.pt
Epoch 39/100
Epoch end: train: dt 1.35 dt/total 0.85 f1@0.5 24.84 f1@0.5_b 46.67 frame_acc 45.53 frame_acc_b 47.95 loss 0.28 t 1.59 
Epoch end: val: dt 0.68 dt/total 1.00 f1@0.5 43.17 f1@0.5_b 52.87 frame_acc 50.53 frame_acc_b 54.26 loss 0.26 t 0.68 
saving model  model_0000250692.pt
Epoch 40/100
Epoch end: train: dt 1.35 dt/total 0.85 f1@0.5 24.66 f1@0.5_b 46.75 frame_acc 45.54 frame_acc_b 48.25 loss 0.27 t 1.59 
Epoch end: val: dt 0.69 dt/total 1.00 f1@0.5 43.11 f1@0.5_b 53.04 frame_acc 51.16 frame_acc_b 53.99 loss 0.26 t 0.69 
saving model  model_0000250701.pt
Epoch 41/100
Epoch end: train: dt 1.36 dt/total 0.85 f1@0.5 25.03 f1@0.5_b 46.21 frame_acc 45.70 frame_acc_b 47.87 loss 0.28 t 1.60 
Epoch end: val: dt 0.68 dt/total 1.00 f1@0.5 44.50 f1@0.5_b 54.06 frame_acc 51.21 frame_acc_b 54.36 loss 0.26 t 0.68 
saving model  model_0000250710.pt
Epoch 42/100
Epoch end: train: dt 1.34 dt/total 0.85 f1@0.5 24.72 f1@0.5_b 46.60 frame_acc 45.52 frame_acc_b 48.11 loss 0.27 t 1.57 
Epoch end: val: dt 0.68 dt/total 1.00 f1@0.5 44.41 f1@0.5_b 52.74 frame_acc 51.11 frame_acc_b 54.01 loss 0.25 t 0.68 
saving model  model_0000250719.pt
Epoch 43/100
Epoch end: train: dt 1.36 dt/total 0.85 f1@0.5 25.06 f1@0.5_b 46.55 frame_acc 45.92 frame_acc_b 48.21 loss 0.27 t 1.60 
Epoch end: val: dt 0.71 dt/total 1.00 f1@0.5 44.81 f1@0.5_b 55.83 frame_acc 51.28 frame_acc_b 54.49 loss 0.25 t 0.71 
saving model  model_0000250728.pt
Epoch 44/100
Epoch end: train: dt 1.35 dt/total 0.85 f1@0.5 25.02 f1@0.5_b 45.86 frame_acc 45.41 frame_acc_b 47.76 loss 0.27 t 1.58 
Epoch end: val: dt 0.69 dt/total 1.00 f1@0.5 43.12 f1@0.5_b 51.49 frame_acc 50.74 frame_acc_b 53.57 loss 0.26 t 0.69 
saving model  model_0000250737.pt
Epoch 45/100
Epoch end: train: dt 1.35 dt/total 0.85 f1@0.5 25.06 f1@0.5_b 46.51 frame_acc 45.72 frame_acc_b 48.05 loss 0.27 t 1.58 
Epoch end: val: dt 0.70 dt/total 1.00 f1@0.5 44.26 f1@0.5_b 53.08 frame_acc 51.81 frame_acc_b 54.60 loss 0.25 t 0.70 
saving model  model_0000250746.pt
Epoch 46/100
Epoch end: train: dt 1.36 dt/total 0.85 f1@0.5 24.98 f1@0.5_b 45.58 frame_acc 45.86 frame_acc_b 47.74 loss 0.27 t 1.59 
Epoch end: val: dt 0.69 dt/total 1.00 f1@0.5 44.58 f1@0.5_b 53.72 frame_acc 51.22 frame_acc_b 54.32 loss 0.25 t 0.69 
saving model  model_0000250755.pt
Epoch 47/100
Epoch end: train: dt 1.36 dt/total 0.85 f1@0.5 25.08 f1@0.5_b 46.44 frame_acc 45.52 frame_acc_b 47.72 loss 0.27 t 1.60 
Epoch end: val: dt 0.69 dt/total 1.00 f1@0.5 44.18 f1@0.5_b 52.32 frame_acc 51.08 frame_acc_b 53.72 loss 0.25 t 0.69 
saving model  model_0000250764.pt
Epoch 48/100
Epoch end: train: dt 1.36 dt/total 0.85 f1@0.5 25.90 f1@0.5_b 46.58 frame_acc 45.97 frame_acc_b 48.07 loss 0.27 t 1.60 
Epoch end: val: dt 0.70 dt/total 1.00 f1@0.5 45.36 f1@0.5_b 53.00 frame_acc 51.03 frame_acc_b 53.79 loss 0.26 t 0.70 
saving model  model_0000250773.pt
Epoch 49/100
Epoch end: train: dt 1.35 dt/total 0.85 f1@0.5 25.63 f1@0.5_b 46.22 frame_acc 45.73 frame_acc_b 47.91 loss 0.27 t 1.58 
Epoch end: val: dt 0.70 dt/total 1.00 f1@0.5 44.36 f1@0.5_b 52.95 frame_acc 51.04 frame_acc_b 54.39 loss 0.25 t 0.70 
saving model  model_0000250782.pt
Epoch 50/100
Epoch end: train: dt 1.33 dt/total 0.85 f1@0.5 25.53 f1@0.5_b 47.08 frame_acc 45.75 frame_acc_b 47.98 loss 0.27 t 1.57 
Epoch end: val: dt 0.70 dt/total 1.00 f1@0.5 45.12 f1@0.5_b 53.27 frame_acc 51.13 frame_acc_b 54.06 loss 0.26 t 0.70 
saving model  model_0000250791.pt
Epoch 51/100
Epoch end: train: dt 1.35 dt/total 0.85 f1@0.5 25.35 f1@0.5_b 45.98 frame_acc 45.62 frame_acc_b 47.81 loss 0.27 t 1.59 
Epoch end: val: dt 0.69 dt/total 1.00 f1@0.5 45.29 f1@0.5_b 53.78 frame_acc 51.63 frame_acc_b 54.74 loss 0.26 t 0.69 
saving model  model_0000250800.pt
Epoch 52/100
Epoch end: train: dt 1.35 dt/total 0.85 f1@0.5 25.44 f1@0.5_b 45.84 frame_acc 45.76 frame_acc_b 47.88 loss 0.27 t 1.59 
Epoch end: val: dt 0.71 dt/total 1.00 f1@0.5 44.45 f1@0.5_b 54.26 frame_acc 51.46 frame_acc_b 55.24 loss 0.25 t 0.71 
saving model  model_0000250809.pt
Epoch 53/100
Epoch end: train: dt 1.36 dt/total 0.85 f1@0.5 25.67 f1@0.5_b 46.17 frame_acc 45.85 frame_acc_b 48.07 loss 0.27 t 1.59 
Epoch end: val: dt 0.69 dt/total 1.00 f1@0.5 45.70 f1@0.5_b 53.46 frame_acc 51.93 frame_acc_b 54.31 loss 0.25 t 0.69 
saving model  model_0000250818.pt
Epoch 54/100
Epoch end: train: dt 1.34 dt/total 0.85 f1@0.5 25.90 f1@0.5_b 46.13 frame_acc 46.03 frame_acc_b 48.09 loss 0.27 t 1.58 
Epoch end: val: dt 0.70 dt/total 1.00 f1@0.5 44.03 f1@0.5_b 51.43 frame_acc 50.95 frame_acc_b 53.64 loss 0.25 t 0.70 
saving model  model_0000250827.pt
Epoch 55/100
Epoch end: train: dt 1.35 dt/total 0.85 f1@0.5 25.95 f1@0.5_b 46.81 frame_acc 46.00 frame_acc_b 48.15 loss 0.27 t 1.59 
Epoch end: val: dt 0.70 dt/total 1.00 f1@0.5 44.79 f1@0.5_b 52.79 frame_acc 51.37 frame_acc_b 53.80 loss 0.25 t 0.70 
saving model  model_0000250836.pt
Epoch 56/100
Epoch end: train: dt 1.37 dt/total 0.85 f1@0.5 26.15 f1@0.5_b 46.52 frame_acc 46.00 frame_acc_b 47.95 loss 0.27 t 1.61 
Epoch end: val: dt 0.68 dt/total 1.00 f1@0.5 45.14 f1@0.5_b 51.94 frame_acc 51.25 frame_acc_b 53.92 loss 0.26 t 0.68 
saving model  model_0000250845.pt
Epoch 57/100
Epoch end: train: dt 1.35 dt/total 0.85 f1@0.5 26.08 f1@0.5_b 46.18 frame_acc 45.70 frame_acc_b 47.94 loss 0.27 t 1.59 
Epoch end: val: dt 0.72 dt/total 1.00 f1@0.5 44.30 f1@0.5_b 53.00 frame_acc 51.15 frame_acc_b 54.25 loss 0.25 t 0.72 
saving model  model_0000250854.pt
Epoch 58/100
Epoch end: train: dt 1.34 dt/total 0.85 f1@0.5 25.88 f1@0.5_b 45.44 frame_acc 45.82 frame_acc_b 47.56 loss 0.27 t 1.57 
Epoch end: val: dt 0.70 dt/total 1.00 f1@0.5 44.46 f1@0.5_b 53.09 frame_acc 51.25 frame_acc_b 53.98 loss 0.25 t 0.70 
saving model  model_0000250863.pt
Epoch 59/100
Epoch end: train: dt 1.36 dt/total 0.85 f1@0.5 26.47 f1@0.5_b 45.90 frame_acc 46.30 frame_acc_b 48.11 loss 0.27 t 1.60 
Epoch end: val: dt 0.69 dt/total 1.00 f1@0.5 44.67 f1@0.5_b 51.54 frame_acc 51.11 frame_acc_b 53.63 loss 0.25 t 0.69 
saving model  model_0000250872.pt
Epoch 60/100
Epoch end: train: dt 1.36 dt/total 0.85 f1@0.5 26.06 f1@0.5_b 46.83 frame_acc 46.16 frame_acc_b 48.29 loss 0.27 t 1.59 
Epoch end: val: dt 0.69 dt/total 1.00 f1@0.5 46.16 f1@0.5_b 55.52 frame_acc 51.65 frame_acc_b 54.56 loss 0.25 t 0.69 
saving model  model_0000250881.pt
Epoch 61/100
Epoch end: train: dt 1.37 dt/total 0.85 f1@0.5 26.47 f1@0.5_b 46.31 frame_acc 46.06 frame_acc_b 47.96 loss 0.27 t 1.61 
Epoch end: val: dt 0.69 dt/total 1.00 f1@0.5 44.72 f1@0.5_b 52.82 frame_acc 51.46 frame_acc_b 54.21 loss 0.25 t 0.69 
saving model  model_0000250890.pt
Epoch 62/100
Epoch end: train: dt 1.34 dt/total 0.85 f1@0.5 26.04 f1@0.5_b 45.44 frame_acc 45.96 frame_acc_b 47.62 loss 0.27 t 1.58 
Epoch end: val: dt 0.69 dt/total 1.00 f1@0.5 45.54 f1@0.5_b 52.71 frame_acc 51.27 frame_acc_b 53.90 loss 0.25 t 0.69 
saving model  model_0000250899.pt
Epoch 63/100
Epoch end: train: dt 1.36 dt/total 0.85 f1@0.5 27.17 f1@0.5_b 47.17 frame_acc 46.82 frame_acc_b 48.57 loss 0.26 t 1.59 
Epoch end: val: dt 0.69 dt/total 1.00 f1@0.5 45.26 f1@0.5_b 54.25 frame_acc 50.96 frame_acc_b 54.05 loss 0.25 t 0.69 
saving model  model_0000250908.pt
Epoch 64/100
Epoch end: train: dt 1.34 dt/total 0.85 f1@0.5 26.11 f1@0.5_b 45.99 frame_acc 46.03 frame_acc_b 47.97 loss 0.27 t 1.57 
Epoch end: val: dt 0.68 dt/total 1.00 f1@0.5 47.23 f1@0.5_b 55.18 frame_acc 52.67 frame_acc_b 55.39 loss 0.25 t 0.68 
saving model  model_0000250917.pt
Epoch 65/100
Epoch end: train: dt 1.35 dt/total 0.85 f1@0.5 26.35 f1@0.5_b 46.64 frame_acc 46.11 frame_acc_b 47.88 loss 0.27 t 1.58 
Epoch end: val: dt 0.67 dt/total 1.00 f1@0.5 44.75 f1@0.5_b 52.71 frame_acc 51.06 frame_acc_b 54.02 loss 0.25 t 0.67 
saving model  model_0000250926.pt
Epoch 66/100
Epoch end: train: dt 1.34 dt/total 0.85 f1@0.5 27.04 f1@0.5_b 46.71 frame_acc 46.47 frame_acc_b 48.31 loss 0.27 t 1.57 
Epoch end: val: dt 0.70 dt/total 1.00 f1@0.5 44.14 f1@0.5_b 52.53 frame_acc 50.44 frame_acc_b 53.57 loss 0.26 t 0.70 
saving model  model_0000250935.pt
Epoch 67/100
Epoch end: train: dt 1.34 dt/total 0.85 f1@0.5 26.87 f1@0.5_b 45.77 frame_acc 45.95 frame_acc_b 47.83 loss 0.27 t 1.58 
Epoch end: val: dt 0.69 dt/total 1.00 f1@0.5 43.84 f1@0.5_b 51.54 frame_acc 51.05 frame_acc_b 53.62 loss 0.25 t 0.69 
saving model  model_0000250944.pt
Epoch 68/100
Epoch end: train: dt 1.35 dt/total 0.85 f1@0.5 26.72 f1@0.5_b 46.57 frame_acc 46.06 frame_acc_b 48.11 loss 0.27 t 1.59 
Epoch end: val: dt 0.69 dt/total 1.00 f1@0.5 45.74 f1@0.5_b 53.83 frame_acc 51.72 frame_acc_b 54.62 loss 0.25 t 0.69 
saving model  model_0000250953.pt
Epoch 69/100
Epoch end: train: dt 1.33 dt/total 0.85 f1@0.5 26.90 f1@0.5_b 45.83 frame_acc 46.18 frame_acc_b 47.78 loss 0.27 t 1.56 
Epoch end: val: dt 0.69 dt/total 1.00 f1@0.5 46.75 f1@0.5_b 52.98 frame_acc 52.09 frame_acc_b 54.36 loss 0.25 t 0.69 
saving model  model_0000250962.pt
Epoch 70/100
Epoch end: train: dt 1.35 dt/total 0.85 f1@0.5 27.09 f1@0.5_b 46.31 frame_acc 46.11 frame_acc_b 47.73 loss 0.27 t 1.58 
Epoch end: val: dt 0.69 dt/total 1.00 f1@0.5 45.44 f1@0.5_b 53.61 frame_acc 51.30 frame_acc_b 53.87 loss 0.25 t 0.69 
saving model  model_0000250971.pt
Epoch 71/100
Epoch end: train: dt 1.36 dt/total 0.85 f1@0.5 26.44 f1@0.5_b 46.79 frame_acc 45.99 frame_acc_b 48.21 loss 0.27 t 1.59 
Epoch end: val: dt 0.71 dt/total 1.00 f1@0.5 45.36 f1@0.5_b 54.02 frame_acc 51.34 frame_acc_b 54.77 loss 0.25 t 0.71 
saving model  model_0000250980.pt
Epoch 72/100
Epoch end: train: dt 1.35 dt/total 0.85 f1@0.5 27.34 f1@0.5_b 46.76 frame_acc 46.44 frame_acc_b 48.28 loss 0.27 t 1.59 
Epoch end: val: dt 0.68 dt/total 1.00 f1@0.5 44.55 f1@0.5_b 53.78 frame_acc 51.08 frame_acc_b 53.98 loss 0.25 t 0.68 
saving model  model_0000250989.pt
Epoch 73/100
Epoch end: train: dt 1.36 dt/total 0.85 f1@0.5 26.74 f1@0.5_b 46.43 frame_acc 45.98 frame_acc_b 47.81 loss 0.27 t 1.60 
Epoch end: val: dt 0.67 dt/total 1.00 f1@0.5 45.09 f1@0.5_b 51.46 frame_acc 50.29 frame_acc_b 53.11 loss 0.26 t 0.67 
saving model  model_0000250998.pt
Epoch 74/100
Epoch end: train: dt 1.35 dt/total 0.85 f1@0.5 26.92 f1@0.5_b 46.13 frame_acc 46.01 frame_acc_b 47.88 loss 0.27 t 1.59 
Epoch end: val: dt 0.70 dt/total 1.00 f1@0.5 46.17 f1@0.5_b 52.10 frame_acc 51.40 frame_acc_b 53.66 loss 0.25 t 0.70 
saving model  model_0000251007.pt
Epoch 75/100
Epoch end: train: dt 1.33 dt/total 0.85 f1@0.5 27.47 f1@0.5_b 46.15 frame_acc 46.55 frame_acc_b 47.99 loss 0.26 t 1.56 
Epoch end: val: dt 0.69 dt/total 1.00 f1@0.5 45.68 f1@0.5_b 53.32 frame_acc 50.94 frame_acc_b 53.80 loss 0.25 t 0.69 
saving model  model_0000251016.pt
Epoch 76/100
Epoch end: train: dt 1.35 dt/total 0.85 f1@0.5 27.80 f1@0.5_b 46.56 frame_acc 46.33 frame_acc_b 48.14 loss 0.27 t 1.58 
Epoch end: val: dt 0.70 dt/total 1.00 f1@0.5 46.11 f1@0.5_b 53.48 frame_acc 51.64 frame_acc_b 54.44 loss 0.25 t 0.70 
saving model  model_0000251025.pt
Epoch 77/100
Epoch end: train: dt 1.34 dt/total 0.85 f1@0.5 27.37 f1@0.5_b 46.06 frame_acc 46.42 frame_acc_b 47.87 loss 0.27 t 1.57 
Epoch end: val: dt 0.69 dt/total 1.00 f1@0.5 45.33 f1@0.5_b 53.45 frame_acc 51.48 frame_acc_b 54.29 loss 0.25 t 0.69 
saving model  model_0000251034.pt
Epoch 78/100
Epoch end: train: dt 1.33 dt/total 0.85 f1@0.5 27.59 f1@0.5_b 45.73 frame_acc 46.38 frame_acc_b 47.79 loss 0.27 t 1.57 
Epoch end: val: dt 0.68 dt/total 1.00 f1@0.5 45.75 f1@0.5_b 53.85 frame_acc 51.44 frame_acc_b 54.37 loss 0.25 t 0.68 
saving model  model_0000251043.pt
Epoch 79/100
Epoch end: train: dt 1.35 dt/total 0.85 f1@0.5 28.09 f1@0.5_b 46.81 frame_acc 46.73 frame_acc_b 48.28 loss 0.26 t 1.59 
Epoch end: val: dt 0.69 dt/total 1.00 f1@0.5 45.70 f1@0.5_b 54.18 frame_acc 50.87 frame_acc_b 54.31 loss 0.25 t 0.69 
saving model  model_0000251052.pt
Epoch 80/100
Epoch end: train: dt 1.37 dt/total 0.85 f1@0.5 27.68 f1@0.5_b 46.80 frame_acc 46.34 frame_acc_b 48.03 loss 0.27 t 1.60 
Epoch end: val: dt 0.68 dt/total 1.00 f1@0.5 46.26 f1@0.5_b 54.10 frame_acc 51.63 frame_acc_b 54.37 loss 0.25 t 0.68 
saving model  model_0000251061.pt
Epoch 81/100
Epoch end: train: dt 1.34 dt/total 0.85 f1@0.5 27.68 f1@0.5_b 46.16 frame_acc 46.50 frame_acc_b 47.94 loss 0.26 t 1.57 
Epoch end: val: dt 0.68 dt/total 1.00 f1@0.5 44.85 f1@0.5_b 51.94 frame_acc 51.31 frame_acc_b 54.08 loss 0.25 t 0.68 
saving model  model_0000251070.pt
Epoch 82/100
Epoch end: train: dt 1.35 dt/total 0.85 f1@0.5 27.46 f1@0.5_b 46.22 frame_acc 46.69 frame_acc_b 48.23 loss 0.26 t 1.58 
Epoch end: val: dt 0.71 dt/total 1.00 f1@0.5 44.96 f1@0.5_b 52.44 frame_acc 50.24 frame_acc_b 53.17 loss 0.25 t 0.71 
saving model  model_0000251079.pt
Epoch 83/100
Epoch end: train: dt 1.35 dt/total 0.85 f1@0.5 27.17 f1@0.5_b 46.40 frame_acc 46.58 frame_acc_b 47.97 loss 0.26 t 1.59 
Epoch end: val: dt 0.70 dt/total 1.00 f1@0.5 45.55 f1@0.5_b 53.72 frame_acc 50.73 frame_acc_b 54.17 loss 0.26 t 0.70 
saving model  model_0000251088.pt
Epoch 84/100
Epoch end: train: dt 1.37 dt/total 0.85 f1@0.5 28.27 f1@0.5_b 46.72 frame_acc 46.41 frame_acc_b 47.97 loss 0.26 t 1.61 
Epoch end: val: dt 0.70 dt/total 1.00 f1@0.5 43.21 f1@0.5_b 49.73 frame_acc 50.30 frame_acc_b 53.08 loss 0.25 t 0.70 
saving model  model_0000251097.pt
Epoch 85/100
Epoch end: train: dt 1.35 dt/total 0.85 f1@0.5 27.45 f1@0.5_b 46.83 frame_acc 46.17 frame_acc_b 47.72 loss 0.27 t 1.59 
Epoch end: val: dt 0.72 dt/total 1.00 f1@0.5 47.15 f1@0.5_b 54.44 frame_acc 51.95 frame_acc_b 54.48 loss 0.25 t 0.72 
saving model  model_0000251106.pt
Epoch 86/100
Epoch end: train: dt 1.36 dt/total 0.85 f1@0.5 28.26 f1@0.5_b 46.54 frame_acc 46.82 frame_acc_b 48.09 loss 0.26 t 1.60 
Epoch end: val: dt 0.68 dt/total 1.00 f1@0.5 45.70 f1@0.5_b 52.55 frame_acc 51.11 frame_acc_b 53.95 loss 0.25 t 0.68 
saving model  model_0000251115.pt
Epoch 87/100
Epoch end: train: dt 1.33 dt/total 0.85 f1@0.5 27.63 f1@0.5_b 46.73 frame_acc 46.72 frame_acc_b 48.27 loss 0.26 t 1.56 
Epoch end: val: dt 0.69 dt/total 1.00 f1@0.5 46.11 f1@0.5_b 54.04 frame_acc 51.61 frame_acc_b 54.18 loss 0.25 t 0.69 
saving model  model_0000251124.pt
Epoch 88/100
Epoch end: train: dt 1.36 dt/total 0.85 f1@0.5 27.51 f1@0.5_b 46.18 frame_acc 46.48 frame_acc_b 47.90 loss 0.26 t 1.59 
Epoch end: val: dt 0.67 dt/total 1.00 f1@0.5 45.63 f1@0.5_b 54.13 frame_acc 51.63 frame_acc_b 54.73 loss 0.25 t 0.67 
saving model  model_0000251133.pt
Epoch 89/100
Epoch end: train: dt 1.36 dt/total 0.85 f1@0.5 28.19 f1@0.5_b 45.70 frame_acc 46.16 frame_acc_b 47.50 loss 0.26 t 1.59 
Epoch end: val: dt 0.69 dt/total 1.00 f1@0.5 46.15 f1@0.5_b 54.20 frame_acc 51.27 frame_acc_b 54.59 loss 0.25 t 0.69 
saving model  model_0000251142.pt
Epoch 90/100
Epoch end: train: dt 1.34 dt/total 0.85 f1@0.5 27.70 f1@0.5_b 46.54 frame_acc 46.20 frame_acc_b 47.98 loss 0.26 t 1.58 
Epoch end: val: dt 0.68 dt/total 1.00 f1@0.5 46.08 f1@0.5_b 53.77 frame_acc 52.12 frame_acc_b 54.73 loss 0.25 t 0.68 
saving model  model_0000251151.pt
Epoch 91/100
Epoch end: train: dt 1.35 dt/total 0.85 f1@0.5 27.86 f1@0.5_b 46.29 frame_acc 46.45 frame_acc_b 47.74 loss 0.26 t 1.59 
Epoch end: val: dt 0.66 dt/total 1.00 f1@0.5 45.91 f1@0.5_b 53.04 frame_acc 51.91 frame_acc_b 54.55 loss 0.25 t 0.66 
saving model  model_0000251160.pt
Epoch 92/100
Epoch end: train: dt 1.35 dt/total 0.85 f1@0.5 27.76 f1@0.5_b 46.35 frame_acc 46.49 frame_acc_b 47.94 loss 0.26 t 1.59 
Epoch end: val: dt 0.69 dt/total 1.00 f1@0.5 46.34 f1@0.5_b 52.93 frame_acc 50.96 frame_acc_b 53.64 loss 0.25 t 0.69 
saving model  model_0000251169.pt
Epoch 93/100
Epoch end: train: dt 1.34 dt/total 0.85 f1@0.5 27.42 f1@0.5_b 45.76 frame_acc 46.31 frame_acc_b 47.79 loss 0.26 t 1.57 
Epoch end: val: dt 0.69 dt/total 1.00 f1@0.5 47.21 f1@0.5_b 55.15 frame_acc 51.75 frame_acc_b 54.80 loss 0.25 t 0.69 
saving model  model_0000251178.pt
Epoch 94/100
Epoch end: train: dt 1.36 dt/total 0.85 f1@0.5 28.14 f1@0.5_b 46.58 frame_acc 46.59 frame_acc_b 47.99 loss 0.26 t 1.60 
Epoch end: val: dt 0.70 dt/total 1.00 f1@0.5 45.22 f1@0.5_b 51.94 frame_acc 50.86 frame_acc_b 53.45 loss 0.25 t 0.70 
saving model  model_0000251187.pt
Epoch 95/100
Epoch end: train: dt 1.36 dt/total 0.85 f1@0.5 28.48 f1@0.5_b 46.51 frame_acc 46.54 frame_acc_b 48.02 loss 0.26 t 1.59 
Epoch end: val: dt 0.69 dt/total 1.00 f1@0.5 46.10 f1@0.5_b 53.06 frame_acc 51.27 frame_acc_b 53.91 loss 0.25 t 0.69 
saving model  model_0000251196.pt
Epoch 96/100
Epoch end: train: dt 1.34 dt/total 0.85 f1@0.5 28.04 f1@0.5_b 45.37 frame_acc 46.68 frame_acc_b 47.78 loss 0.26 t 1.58 
Epoch end: val: dt 0.70 dt/total 1.00 f1@0.5 44.50 f1@0.5_b 52.71 frame_acc 51.23 frame_acc_b 53.88 loss 0.25 t 0.70 
saving model  model_0000251205.pt
Epoch 97/100
Epoch end: train: dt 1.33 dt/total 0.85 f1@0.5 28.10 f1@0.5_b 46.43 frame_acc 46.73 frame_acc_b 47.94 loss 0.26 t 1.56 
Epoch end: val: dt 0.70 dt/total 1.00 f1@0.5 46.28 f1@0.5_b 52.25 frame_acc 51.45 frame_acc_b 53.89 loss 0.25 t 0.70 
saving model  model_0000251214.pt
Epoch 98/100
Epoch end: train: dt 1.34 dt/total 0.85 f1@0.5 28.14 f1@0.5_b 45.94 frame_acc 46.59 frame_acc_b 48.01 loss 0.26 t 1.58 
Epoch end: val: dt 0.71 dt/total 1.00 f1@0.5 45.82 f1@0.5_b 52.26 frame_acc 51.32 frame_acc_b 53.91 loss 0.25 t 0.71 
saving model  model_0000251223.pt
Epoch 99/100
Epoch end: train: dt 1.34 dt/total 0.85 f1@0.5 28.97 f1@0.5_b 46.98 frame_acc 47.06 frame_acc_b 48.12 loss 0.26 t 1.57 
Epoch end: val: dt 0.70 dt/total 1.00 f1@0.5 46.01 f1@0.5_b 52.34 frame_acc 51.37 frame_acc_b 53.77 loss 0.25 t 0.70 
saving model  model_0000251232.pt
Epoch 100/100
Epoch end: train: dt 1.34 dt/total 0.85 f1@0.5 28.65 f1@0.5_b 46.23 frame_acc 46.49 frame_acc_b 47.93 loss 0.26 t 1.57 
Epoch end: val: dt 0.69 dt/total 1.00 f1@0.5 47.18 f1@0.5_b 54.65 frame_acc 51.77 frame_acc_b 54.37 loss 0.25 t 0.69 
saving model  model_0000251241.pt
