Cuda current device  0
Loading features...
Loading segmentation features...
Adding bias to prior subtitle times  2.7
Adding bias to GT subtitle times  0
Loading subtitles associated to sentences...
mode  train
number of samples 8757
Mean feats length samples 23.819230330021696
Standard deviation feats length samples 17.478824009448534
Min feats length samples 3
Max feats length samples 123
80\% percentile feats length 35.80000000000018
90\% percentile feats length 48.0
95\% percentile feats length 60.0
Mean texts length samples 53.13269384492406
Standard deviation texts length samples 41.76429919432809
Min texts length samples 3
Max texts length samples 323
80\% percentile texts length 82.0
90\% percentile texts length 111.0
95\% percentile texts length 137.0
Loading features...
Loading segmentation features...
Adding bias to prior subtitle times  2.7
Adding bias to GT subtitle times  0
Loading subtitles associated to sentences...
mode  val
number of samples 1885
Mean feats length samples 26.616445623342177
Standard deviation feats length samples 18.274617351829736
Min feats length samples 3
Max feats length samples 123
80\% percentile feats length 41.0
90\% percentile feats length 51.0
95\% percentile feats length 62.0
Mean texts length samples 63.36074270557029
Standard deviation texts length samples 45.7253401816422
Min texts length samples 3
Max texts length samples 326
80\% percentile texts length 97.0
90\% percentile texts length 126.0
95\% percentile texts length 148.79999999999995
Model's state_dict:
[32mAdam (
Parameter Group 0
    amsgrad: False
    betas: (0.9, 0.999)
    capturable: False
    differentiable: False
    eps: 1e-08
    foreach: None
    fused: None
    lr: 1e-06
    maximize: False
    weight_decay: 0
)[0m
Number of parameters: 16904449
[32mModel /scratch/shared/beegfs/zifan/checkpoints/subtitle_align/train_coarse_subtitles/checkpoints/model_0000250341.pt loaded![0m
Epoch end: val: dt 0.90 dt/total 1.00 f1@0.5 2.73 f1@0.5_b 52.76 frame_acc 7.44 frame_acc_b 54.66 loss 0.40 t 0.90 
Epoch 1/100
Epoch end: train: dt 1.08 dt/total 0.73 f1@0.5 1.37 f1@0.5_b 43.60 frame_acc 11.30 frame_acc_b 46.02 loss 0.33 t 1.49 
Epoch end: val: dt 0.91 dt/total 1.00 f1@0.5 10.97 f1@0.5_b 51.70 frame_acc 29.61 frame_acc_b 53.89 loss 0.35 t 0.91 
best checkpoint so far!
saving model  model_0000250376.pt
Epoch 2/100
Epoch end: train: dt 1.09 dt/total 0.73 f1@0.5 3.63 f1@0.5_b 43.36 frame_acc 28.63 frame_acc_b 46.23 loss 0.30 t 1.50 
Epoch end: val: dt 0.91 dt/total 1.00 f1@0.5 30.80 f1@0.5_b 51.44 frame_acc 49.15 frame_acc_b 54.08 loss 0.32 t 0.91 
best checkpoint so far!
saving model  model_0000250411.pt
Epoch 3/100
Epoch end: train: dt 1.10 dt/total 0.73 f1@0.5 8.83 f1@0.5_b 44.36 frame_acc 40.27 frame_acc_b 46.34 loss 0.29 t 1.50 
Epoch end: val: dt 0.91 dt/total 1.00 f1@0.5 40.58 f1@0.5_b 51.75 frame_acc 52.61 frame_acc_b 53.77 loss 0.31 t 0.91 
best checkpoint so far!
saving model  model_0000250446.pt
Epoch 4/100
Epoch end: train: dt 1.10 dt/total 0.73 f1@0.5 11.85 f1@0.5_b 44.45 frame_acc 42.39 frame_acc_b 46.13 loss 0.28 t 1.50 
Epoch end: val: dt 0.92 dt/total 1.00 f1@0.5 45.51 f1@0.5_b 53.19 frame_acc 54.19 frame_acc_b 54.38 loss 0.30 t 0.92 
best checkpoint so far!
saving model  model_0000250481.pt
Epoch 5/100
Epoch end: train: dt 1.11 dt/total 0.73 f1@0.5 13.23 f1@0.5_b 43.56 frame_acc 42.77 frame_acc_b 45.83 loss 0.28 t 1.52 
Epoch end: val: dt 0.92 dt/total 1.00 f1@0.5 47.80 f1@0.5_b 52.53 frame_acc 54.82 frame_acc_b 54.76 loss 0.30 t 0.92 
best checkpoint so far!
saving model  model_0000250516.pt
Epoch 6/100
Epoch end: train: dt 1.09 dt/total 0.73 f1@0.5 14.45 f1@0.5_b 43.35 frame_acc 43.28 frame_acc_b 45.82 loss 0.28 t 1.50 
Epoch end: val: dt 0.92 dt/total 1.00 f1@0.5 47.29 f1@0.5_b 52.73 frame_acc 53.72 frame_acc_b 53.71 loss 0.30 t 0.92 
saving model  model_0000250551.pt
Epoch 7/100
Epoch end: train: dt 1.11 dt/total 0.73 f1@0.5 14.78 f1@0.5_b 42.89 frame_acc 43.14 frame_acc_b 45.56 loss 0.28 t 1.52 
Epoch end: val: dt 0.92 dt/total 1.00 f1@0.5 48.19 f1@0.5_b 52.34 frame_acc 54.62 frame_acc_b 54.57 loss 0.29 t 0.92 
saving model  model_0000250586.pt
Epoch 8/100
Epoch end: train: dt 1.10 dt/total 0.73 f1@0.5 16.66 f1@0.5_b 43.59 frame_acc 43.99 frame_acc_b 46.06 loss 0.27 t 1.50 
Epoch end: val: dt 0.92 dt/total 1.00 f1@0.5 50.31 f1@0.5_b 53.49 frame_acc 54.83 frame_acc_b 54.49 loss 0.29 t 0.92 
best checkpoint so far!
saving model  model_0000250621.pt
Epoch 9/100
Epoch end: train: dt 1.09 dt/total 0.73 f1@0.5 17.31 f1@0.5_b 43.33 frame_acc 43.98 frame_acc_b 46.11 loss 0.27 t 1.49 
Epoch end: val: dt 0.92 dt/total 1.00 f1@0.5 48.11 f1@0.5_b 50.85 frame_acc 53.27 frame_acc_b 52.89 loss 0.30 t 0.92 
saving model  model_0000250656.pt
Epoch 10/100
Epoch end: train: dt 1.09 dt/total 0.73 f1@0.5 17.98 f1@0.5_b 44.67 frame_acc 44.67 frame_acc_b 46.59 loss 0.27 t 1.50 
Epoch end: val: dt 0.93 dt/total 1.00 f1@0.5 48.41 f1@0.5_b 51.46 frame_acc 54.34 frame_acc_b 53.98 loss 0.30 t 0.93 
saving model  model_0000250691.pt
Epoch 11/100
Epoch end: train: dt 1.10 dt/total 0.73 f1@0.5 17.73 f1@0.5_b 43.17 frame_acc 44.09 frame_acc_b 45.86 loss 0.27 t 1.50 
Epoch end: val: dt 0.91 dt/total 1.00 f1@0.5 47.72 f1@0.5_b 50.98 frame_acc 53.47 frame_acc_b 53.13 loss 0.30 t 0.91 
saving model  model_0000250726.pt
Epoch 12/100
Epoch end: train: dt 1.09 dt/total 0.73 f1@0.5 18.56 f1@0.5_b 43.75 frame_acc 44.41 frame_acc_b 46.13 loss 0.27 t 1.50 
Epoch end: val: dt 0.92 dt/total 1.00 f1@0.5 49.61 f1@0.5_b 52.73 frame_acc 54.22 frame_acc_b 53.89 loss 0.30 t 0.92 
saving model  model_0000250761.pt
Epoch 13/100
Epoch end: train: dt 1.11 dt/total 0.73 f1@0.5 19.20 f1@0.5_b 43.99 frame_acc 44.84 frame_acc_b 46.29 loss 0.27 t 1.51 
Epoch end: val: dt 0.92 dt/total 1.00 f1@0.5 49.59 f1@0.5_b 53.35 frame_acc 54.43 frame_acc_b 54.38 loss 0.29 t 0.92 
saving model  model_0000250796.pt
Epoch 14/100
Epoch end: train: dt 1.10 dt/total 0.73 f1@0.5 18.67 f1@0.5_b 44.31 frame_acc 44.70 frame_acc_b 46.53 loss 0.27 t 1.50 
Epoch end: val: dt 0.93 dt/total 1.00 f1@0.5 50.82 f1@0.5_b 52.92 frame_acc 54.90 frame_acc_b 54.71 loss 0.29 t 0.93 
best checkpoint so far!
saving model  model_0000250831.pt
Epoch 15/100
Epoch end: train: dt 1.09 dt/total 0.73 f1@0.5 20.01 f1@0.5_b 44.39 frame_acc 44.75 frame_acc_b 46.24 loss 0.27 t 1.49 
Epoch end: val: dt 0.92 dt/total 1.00 f1@0.5 50.51 f1@0.5_b 53.75 frame_acc 54.38 frame_acc_b 54.49 loss 0.29 t 0.92 
saving model  model_0000250866.pt
Epoch 16/100
Epoch end: train: dt 1.10 dt/total 0.73 f1@0.5 20.12 f1@0.5_b 43.91 frame_acc 44.64 frame_acc_b 46.29 loss 0.27 t 1.50 
Epoch end: val: dt 0.92 dt/total 1.00 f1@0.5 50.50 f1@0.5_b 52.31 frame_acc 54.97 frame_acc_b 54.53 loss 0.29 t 0.92 
best checkpoint so far!
saving model  model_0000250901.pt
Epoch 17/100
Epoch end: train: dt 1.10 dt/total 0.73 f1@0.5 19.90 f1@0.5_b 43.85 frame_acc 44.56 frame_acc_b 46.22 loss 0.27 t 1.51 
Epoch end: val: dt 0.92 dt/total 1.00 f1@0.5 48.98 f1@0.5_b 51.70 frame_acc 54.04 frame_acc_b 53.76 loss 0.30 t 0.92 
saving model  model_0000250936.pt
Epoch 18/100
Epoch end: train: dt 1.10 dt/total 0.73 f1@0.5 20.11 f1@0.5_b 43.82 frame_acc 44.37 frame_acc_b 46.09 loss 0.27 t 1.50 
Epoch end: val: dt 0.93 dt/total 1.00 f1@0.5 48.00 f1@0.5_b 51.49 frame_acc 54.09 frame_acc_b 54.03 loss 0.29 t 0.93 
saving model  model_0000250971.pt
Epoch 19/100
Epoch end: train: dt 1.09 dt/total 0.73 f1@0.5 19.21 f1@0.5_b 43.65 frame_acc 43.85 frame_acc_b 45.69 loss 0.27 t 1.49 
Epoch end: val: dt 0.93 dt/total 1.00 f1@0.5 49.46 f1@0.5_b 52.68 frame_acc 54.73 frame_acc_b 54.58 loss 0.29 t 0.93 
saving model  model_0000251006.pt
Epoch 20/100
Epoch end: train: dt 1.10 dt/total 0.73 f1@0.5 20.42 f1@0.5_b 43.92 frame_acc 44.60 frame_acc_b 45.99 loss 0.27 t 1.50 
Epoch end: val: dt 0.93 dt/total 1.00 f1@0.5 48.34 f1@0.5_b 50.98 frame_acc 54.46 frame_acc_b 54.20 loss 0.29 t 0.94 
saving model  model_0000251041.pt
Epoch 21/100
Epoch end: train: dt 1.11 dt/total 0.73 f1@0.5 19.64 f1@0.5_b 43.87 frame_acc 44.68 frame_acc_b 46.21 loss 0.26 t 1.51 
Epoch end: val: dt 0.92 dt/total 1.00 f1@0.5 48.89 f1@0.5_b 52.61 frame_acc 53.93 frame_acc_b 53.67 loss 0.29 t 0.92 
saving model  model_0000251076.pt
Epoch 22/100
Epoch end: train: dt 1.09 dt/total 0.73 f1@0.5 20.21 f1@0.5_b 44.31 frame_acc 44.67 frame_acc_b 46.19 loss 0.26 t 1.49 
Epoch end: val: dt 0.92 dt/total 1.00 f1@0.5 50.30 f1@0.5_b 53.22 frame_acc 54.98 frame_acc_b 54.97 loss 0.28 t 0.92 
best checkpoint so far!
saving model  model_0000251111.pt
Epoch 23/100
Epoch end: train: dt 1.09 dt/total 0.73 f1@0.5 20.44 f1@0.5_b 43.37 frame_acc 44.03 frame_acc_b 45.72 loss 0.26 t 1.50 
Epoch end: val: dt 0.92 dt/total 1.00 f1@0.5 49.19 f1@0.5_b 51.94 frame_acc 53.98 frame_acc_b 53.56 loss 0.29 t 0.92 
saving model  model_0000251146.pt
Epoch 24/100
Epoch end: train: dt 1.09 dt/total 0.73 f1@0.5 20.08 f1@0.5_b 43.62 frame_acc 44.72 frame_acc_b 46.21 loss 0.26 t 1.49 
Epoch end: val: dt 0.93 dt/total 1.00 f1@0.5 49.42 f1@0.5_b 53.33 frame_acc 54.88 frame_acc_b 54.74 loss 0.28 t 0.93 
saving model  model_0000251181.pt
Epoch 25/100
Epoch end: train: dt 1.10 dt/total 0.73 f1@0.5 20.40 f1@0.5_b 43.84 frame_acc 44.43 frame_acc_b 46.09 loss 0.26 t 1.50 
Epoch end: val: dt 0.92 dt/total 1.00 f1@0.5 48.30 f1@0.5_b 52.98 frame_acc 53.64 frame_acc_b 53.73 loss 0.28 t 0.92 
saving model  model_0000251216.pt
Epoch 26/100
Epoch end: train: dt 1.10 dt/total 0.73 f1@0.5 19.95 f1@0.5_b 43.94 frame_acc 44.67 frame_acc_b 46.13 loss 0.26 t 1.50 
Epoch end: val: dt 0.93 dt/total 1.00 f1@0.5 49.58 f1@0.5_b 53.51 frame_acc 54.76 frame_acc_b 54.56 loss 0.27 t 0.93 
saving model  model_0000251251.pt
Epoch 27/100
Epoch end: train: dt 1.09 dt/total 0.73 f1@0.5 18.96 f1@0.5_b 44.05 frame_acc 44.75 frame_acc_b 46.36 loss 0.26 t 1.49 
Epoch end: val: dt 0.92 dt/total 1.00 f1@0.5 48.07 f1@0.5_b 53.06 frame_acc 54.44 frame_acc_b 54.31 loss 0.27 t 0.92 
saving model  model_0000251286.pt
Epoch 28/100
Epoch end: train: dt 1.10 dt/total 0.73 f1@0.5 18.38 f1@0.5_b 44.07 frame_acc 44.65 frame_acc_b 46.43 loss 0.25 t 1.50 
Epoch end: val: dt 0.93 dt/total 1.00 f1@0.5 49.12 f1@0.5_b 52.31 frame_acc 54.97 frame_acc_b 54.83 loss 0.26 t 0.93 
saving model  model_0000251321.pt
Epoch 29/100
Epoch end: train: dt 1.10 dt/total 0.73 f1@0.5 17.45 f1@0.5_b 43.45 frame_acc 44.55 frame_acc_b 45.95 loss 0.25 t 1.50 
Epoch end: val: dt 0.91 dt/total 1.00 f1@0.5 43.98 f1@0.5_b 51.04 frame_acc 52.85 frame_acc_b 53.41 loss 0.26 t 0.92 
saving model  model_0000251356.pt
Epoch 30/100
Epoch end: train: dt 1.10 dt/total 0.73 f1@0.5 16.63 f1@0.5_b 44.20 frame_acc 44.80 frame_acc_b 46.37 loss 0.25 t 1.50 
Epoch end: val: dt 0.92 dt/total 1.00 f1@0.5 45.49 f1@0.5_b 52.53 frame_acc 54.86 frame_acc_b 54.92 loss 0.26 t 0.92 
saving model  model_0000251391.pt
Epoch 31/100
Epoch end: train: dt 1.11 dt/total 0.73 f1@0.5 15.73 f1@0.5_b 43.44 frame_acc 44.37 frame_acc_b 45.82 loss 0.25 t 1.51 
Epoch end: val: dt 0.92 dt/total 1.00 f1@0.5 43.47 f1@0.5_b 51.01 frame_acc 53.98 frame_acc_b 53.93 loss 0.26 t 0.92 
saving model  model_0000251426.pt
Epoch 32/100
Epoch end: train: dt 1.10 dt/total 0.73 f1@0.5 15.40 f1@0.5_b 43.47 frame_acc 44.55 frame_acc_b 45.96 loss 0.24 t 1.50 
Epoch end: val: dt 0.92 dt/total 1.00 f1@0.5 44.87 f1@0.5_b 51.44 frame_acc 54.27 frame_acc_b 54.10 loss 0.26 t 0.92 
saving model  model_0000251461.pt
Epoch 33/100
Epoch end: train: dt 1.11 dt/total 0.73 f1@0.5 15.10 f1@0.5_b 43.65 frame_acc 44.80 frame_acc_b 45.99 loss 0.24 t 1.51 
Epoch end: val: dt 0.93 dt/total 1.00 f1@0.5 44.16 f1@0.5_b 51.97 frame_acc 54.29 frame_acc_b 54.14 loss 0.26 t 0.93 
saving model  model_0000251496.pt
Epoch 34/100
Epoch end: train: dt 1.10 dt/total 0.73 f1@0.5 15.17 f1@0.5_b 44.58 frame_acc 45.01 frame_acc_b 46.49 loss 0.24 t 1.50 
Epoch end: val: dt 0.93 dt/total 1.00 f1@0.5 46.44 f1@0.5_b 54.19 frame_acc 54.69 frame_acc_b 54.88 loss 0.25 t 0.93 
saving model  model_0000251531.pt
Epoch 35/100
Epoch end: train: dt 1.09 dt/total 0.73 f1@0.5 15.18 f1@0.5_b 43.92 frame_acc 44.77 frame_acc_b 46.16 loss 0.24 t 1.50 
Epoch end: val: dt 0.92 dt/total 1.00 f1@0.5 43.72 f1@0.5_b 52.45 frame_acc 53.75 frame_acc_b 54.00 loss 0.25 t 0.92 
saving model  model_0000251566.pt
Epoch 36/100
Epoch end: train: dt 1.09 dt/total 0.73 f1@0.5 14.69 f1@0.5_b 43.93 frame_acc 44.65 frame_acc_b 46.05 loss 0.24 t 1.50 
Epoch end: val: dt 0.91 dt/total 1.00 f1@0.5 44.50 f1@0.5_b 53.00 frame_acc 53.95 frame_acc_b 53.90 loss 0.25 t 0.91 
saving model  model_0000251601.pt
Epoch 37/100
Epoch end: train: dt 1.10 dt/total 0.73 f1@0.5 14.90 f1@0.5_b 44.19 frame_acc 45.22 frame_acc_b 46.48 loss 0.24 t 1.51 
Epoch end: val: dt 0.92 dt/total 1.00 f1@0.5 41.68 f1@0.5_b 51.20 frame_acc 53.67 frame_acc_b 53.80 loss 0.25 t 0.92 
saving model  model_0000251636.pt
Epoch 38/100
Epoch end: train: dt 1.09 dt/total 0.73 f1@0.5 15.12 f1@0.5_b 44.28 frame_acc 45.04 frame_acc_b 46.32 loss 0.24 t 1.50 
Epoch end: val: dt 0.93 dt/total 1.00 f1@0.5 45.29 f1@0.5_b 53.22 frame_acc 54.31 frame_acc_b 54.26 loss 0.25 t 0.93 
saving model  model_0000251671.pt
Epoch 39/100
Epoch end: train: dt 1.11 dt/total 0.73 f1@0.5 15.33 f1@0.5_b 44.71 frame_acc 45.01 frame_acc_b 46.29 loss 0.24 t 1.51 
Epoch end: val: dt 0.92 dt/total 1.00 f1@0.5 45.61 f1@0.5_b 54.07 frame_acc 53.93 frame_acc_b 54.43 loss 0.25 t 0.92 
saving model  model_0000251706.pt
Epoch 40/100
Epoch end: train: dt 1.10 dt/total 0.73 f1@0.5 14.83 f1@0.5_b 43.54 frame_acc 44.84 frame_acc_b 46.12 loss 0.24 t 1.50 
Epoch end: val: dt 0.92 dt/total 1.00 f1@0.5 43.40 f1@0.5_b 51.30 frame_acc 53.46 frame_acc_b 53.54 loss 0.25 t 0.92 
saving model  model_0000251741.pt
Epoch 41/100
Epoch end: train: dt 1.09 dt/total 0.73 f1@0.5 15.37 f1@0.5_b 44.22 frame_acc 45.25 frame_acc_b 46.45 loss 0.24 t 1.50 
Epoch end: val: dt 0.92 dt/total 1.00 f1@0.5 45.09 f1@0.5_b 52.10 frame_acc 54.04 frame_acc_b 54.23 loss 0.25 t 0.92 
saving model  model_0000251776.pt
Epoch 42/100
Epoch end: train: dt 1.10 dt/total 0.73 f1@0.5 15.65 f1@0.5_b 44.62 frame_acc 45.10 frame_acc_b 46.29 loss 0.23 t 1.50 
Epoch end: val: dt 0.92 dt/total 1.00 f1@0.5 45.03 f1@0.5_b 52.23 frame_acc 53.81 frame_acc_b 53.86 loss 0.25 t 0.92 
saving model  model_0000251811.pt
Epoch 43/100
Epoch end: train: dt 1.10 dt/total 0.73 f1@0.5 15.03 f1@0.5_b 43.81 frame_acc 44.94 frame_acc_b 46.41 loss 0.23 t 1.51 
Epoch end: val: dt 0.92 dt/total 1.00 f1@0.5 45.66 f1@0.5_b 52.98 frame_acc 53.89 frame_acc_b 54.29 loss 0.25 t 0.93 
saving model  model_0000251846.pt
Epoch 44/100
Epoch end: train: dt 1.10 dt/total 0.73 f1@0.5 14.87 f1@0.5_b 43.05 frame_acc 44.72 frame_acc_b 45.94 loss 0.23 t 1.50 
Epoch end: val: dt 0.92 dt/total 1.00 f1@0.5 45.86 f1@0.5_b 52.89 frame_acc 54.59 frame_acc_b 54.54 loss 0.25 t 0.92 
saving model  model_0000251881.pt
Epoch 45/100
Epoch end: train: dt 1.10 dt/total 0.73 f1@0.5 15.09 f1@0.5_b 43.96 frame_acc 44.95 frame_acc_b 46.19 loss 0.23 t 1.51 
Epoch end: val: dt 0.92 dt/total 1.00 f1@0.5 43.50 f1@0.5_b 52.18 frame_acc 53.63 frame_acc_b 53.77 loss 0.25 t 0.92 
saving model  model_0000251916.pt
Epoch 46/100
Epoch end: train: dt 1.10 dt/total 0.73 f1@0.5 14.70 f1@0.5_b 43.26 frame_acc 44.75 frame_acc_b 45.93 loss 0.23 t 1.50 
Epoch end: val: dt 0.92 dt/total 1.00 f1@0.5 43.90 f1@0.5_b 53.54 frame_acc 53.60 frame_acc_b 54.01 loss 0.25 t 0.92 
saving model  model_0000251951.pt
Epoch 47/100
Epoch end: train: dt 1.09 dt/total 0.73 f1@0.5 15.33 f1@0.5_b 44.38 frame_acc 44.92 frame_acc_b 46.32 loss 0.23 t 1.50 
Epoch end: val: dt 0.92 dt/total 1.00 f1@0.5 44.98 f1@0.5_b 50.98 frame_acc 54.06 frame_acc_b 53.75 loss 0.25 t 0.92 
saving model  model_0000251986.pt
Epoch 48/100
Epoch end: train: dt 1.10 dt/total 0.73 f1@0.5 14.67 f1@0.5_b 43.19 frame_acc 45.12 frame_acc_b 45.91 loss 0.23 t 1.50 
Epoch end: val: dt 0.92 dt/total 1.00 f1@0.5 45.05 f1@0.5_b 52.42 frame_acc 54.53 frame_acc_b 54.41 loss 0.24 t 0.92 
saving model  model_0000252021.pt
Epoch 49/100
Epoch end: train: dt 1.10 dt/total 0.73 f1@0.5 14.67 f1@0.5_b 43.00 frame_acc 44.94 frame_acc_b 46.10 loss 0.23 t 1.51 
Epoch end: val: dt 0.92 dt/total 1.00 f1@0.5 44.43 f1@0.5_b 52.15 frame_acc 53.64 frame_acc_b 53.90 loss 0.25 t 0.92 
saving model  model_0000252056.pt
Epoch 50/100
Epoch end: train: dt 1.10 dt/total 0.73 f1@0.5 15.65 f1@0.5_b 44.56 frame_acc 45.29 frame_acc_b 46.40 loss 0.23 t 1.50 
Epoch end: val: dt 0.92 dt/total 1.00 f1@0.5 42.73 f1@0.5_b 51.09 frame_acc 53.42 frame_acc_b 53.54 loss 0.25 t 0.92 
saving model  model_0000252091.pt
Epoch 51/100
Epoch end: train: dt 1.10 dt/total 0.73 f1@0.5 15.08 f1@0.5_b 44.26 frame_acc 45.25 frame_acc_b 46.44 loss 0.23 t 1.50 
Epoch end: val: dt 0.92 dt/total 1.00 f1@0.5 44.87 f1@0.5_b 53.27 frame_acc 54.04 frame_acc_b 54.01 loss 0.25 t 0.92 
saving model  model_0000252126.pt
Epoch 52/100
Epoch end: train: dt 1.10 dt/total 0.73 f1@0.5 14.71 f1@0.5_b 43.45 frame_acc 44.64 frame_acc_b 45.81 loss 0.23 t 1.51 
Epoch end: val: dt 0.93 dt/total 1.00 f1@0.5 41.88 f1@0.5_b 51.81 frame_acc 52.80 frame_acc_b 53.57 loss 0.25 t 0.93 
saving model  model_0000252161.pt
Epoch 53/100
Epoch end: train: dt 1.09 dt/total 0.73 f1@0.5 14.99 f1@0.5_b 43.23 frame_acc 45.02 frame_acc_b 46.09 loss 0.23 t 1.49 
Epoch end: val: dt 0.92 dt/total 1.00 f1@0.5 44.47 f1@0.5_b 52.07 frame_acc 54.00 frame_acc_b 54.24 loss 0.25 t 0.92 
saving model  model_0000252196.pt
Epoch 54/100
Epoch end: train: dt 1.10 dt/total 0.73 f1@0.5 14.89 f1@0.5_b 44.04 frame_acc 45.35 frame_acc_b 46.40 loss 0.23 t 1.51 
Epoch end: val: dt 0.91 dt/total 1.00 f1@0.5 43.02 f1@0.5_b 52.89 frame_acc 53.38 frame_acc_b 53.95 loss 0.25 t 0.92 
saving model  model_0000252231.pt
Epoch 55/100
Epoch end: train: dt 1.09 dt/total 0.73 f1@0.5 14.87 f1@0.5_b 43.81 frame_acc 45.01 frame_acc_b 46.01 loss 0.23 t 1.49 
Epoch end: val: dt 0.92 dt/total 1.00 f1@0.5 43.04 f1@0.5_b 51.57 frame_acc 53.34 frame_acc_b 53.89 loss 0.25 t 0.92 
saving model  model_0000252266.pt
Epoch 56/100
Epoch end: train: dt 1.10 dt/total 0.73 f1@0.5 15.13 f1@0.5_b 44.62 frame_acc 44.45 frame_acc_b 46.13 loss 0.23 t 1.50 
Epoch end: val: dt 0.93 dt/total 1.00 f1@0.5 46.20 f1@0.5_b 54.12 frame_acc 54.56 frame_acc_b 54.93 loss 0.24 t 0.93 
saving model  model_0000252301.pt
Epoch 57/100
Epoch end: train: dt 1.09 dt/total 0.73 f1@0.5 14.78 f1@0.5_b 43.43 frame_acc 45.00 frame_acc_b 46.18 loss 0.23 t 1.50 
Epoch end: val: dt 0.93 dt/total 1.00 f1@0.5 43.69 f1@0.5_b 52.20 frame_acc 53.96 frame_acc_b 54.11 loss 0.24 t 0.93 
saving model  model_0000252336.pt
Epoch 58/100
Epoch end: train: dt 1.09 dt/total 0.73 f1@0.5 14.97 f1@0.5_b 44.04 frame_acc 45.26 frame_acc_b 46.09 loss 0.23 t 1.50 
Epoch end: val: dt 0.91 dt/total 1.00 f1@0.5 42.62 f1@0.5_b 52.29 frame_acc 53.75 frame_acc_b 54.08 loss 0.25 t 0.92 
saving model  model_0000252371.pt
Epoch 59/100
Epoch end: train: dt 1.09 dt/total 0.73 f1@0.5 15.31 f1@0.5_b 43.98 frame_acc 45.18 frame_acc_b 46.16 loss 0.23 t 1.50 
Epoch end: val: dt 0.93 dt/total 1.00 f1@0.5 45.24 f1@0.5_b 52.66 frame_acc 53.66 frame_acc_b 53.86 loss 0.25 t 0.93 
saving model  model_0000252406.pt
Epoch 60/100
Epoch end: train: dt 1.10 dt/total 0.73 f1@0.5 14.79 f1@0.5_b 43.51 frame_acc 44.59 frame_acc_b 45.96 loss 0.23 t 1.50 
Epoch end: val: dt 0.92 dt/total 1.00 f1@0.5 44.14 f1@0.5_b 52.47 frame_acc 54.26 frame_acc_b 54.22 loss 0.25 t 0.92 
saving model  model_0000252441.pt
Epoch 61/100
Epoch end: train: dt 1.09 dt/total 0.73 f1@0.5 14.39 f1@0.5_b 43.43 frame_acc 45.28 frame_acc_b 46.10 loss 0.23 t 1.50 
Epoch end: val: dt 0.92 dt/total 1.00 f1@0.5 44.44 f1@0.5_b 52.68 frame_acc 54.29 frame_acc_b 54.39 loss 0.24 t 0.92 
saving model  model_0000252476.pt
Epoch 62/100
Epoch end: train: dt 1.09 dt/total 0.73 f1@0.5 14.62 f1@0.5_b 43.74 frame_acc 45.07 frame_acc_b 46.11 loss 0.23 t 1.50 
Epoch end: val: dt 0.92 dt/total 1.00 f1@0.5 44.38 f1@0.5_b 53.09 frame_acc 53.96 frame_acc_b 54.12 loss 0.24 t 0.92 
saving model  model_0000252511.pt
Epoch 63/100
Epoch end: train: dt 1.10 dt/total 0.73 f1@0.5 14.94 f1@0.5_b 43.24 frame_acc 44.83 frame_acc_b 45.91 loss 0.23 t 1.51 
Epoch end: val: dt 0.91 dt/total 1.00 f1@0.5 42.94 f1@0.5_b 53.24 frame_acc 53.61 frame_acc_b 54.18 loss 0.25 t 0.91 
saving model  model_0000252546.pt
Epoch 64/100
Epoch end: train: dt 1.09 dt/total 0.73 f1@0.5 15.24 f1@0.5_b 44.65 frame_acc 45.80 frame_acc_b 46.84 loss 0.23 t 1.50 
Epoch end: val: dt 0.92 dt/total 1.00 f1@0.5 44.52 f1@0.5_b 52.05 frame_acc 53.81 frame_acc_b 54.19 loss 0.24 t 0.92 
saving model  model_0000252581.pt
Epoch 65/100
Epoch end: train: dt 1.10 dt/total 0.73 f1@0.5 14.76 f1@0.5_b 43.09 frame_acc 44.87 frame_acc_b 45.86 loss 0.23 t 1.50 
Epoch end: val: dt 0.92 dt/total 1.00 f1@0.5 43.94 f1@0.5_b 52.74 frame_acc 53.82 frame_acc_b 54.07 loss 0.24 t 0.92 
saving model  model_0000252616.pt
Epoch 66/100
Epoch end: train: dt 1.09 dt/total 0.73 f1@0.5 14.63 f1@0.5_b 43.75 frame_acc 45.02 frame_acc_b 46.04 loss 0.23 t 1.50 
Epoch end: val: dt 0.92 dt/total 1.00 f1@0.5 43.95 f1@0.5_b 52.05 frame_acc 53.85 frame_acc_b 53.79 loss 0.24 t 0.92 
saving model  model_0000252651.pt
Epoch 67/100
Epoch end: train: dt 1.09 dt/total 0.73 f1@0.5 14.69 f1@0.5_b 43.71 frame_acc 45.24 frame_acc_b 46.37 loss 0.23 t 1.49 
Epoch end: val: dt 0.92 dt/total 1.00 f1@0.5 41.62 f1@0.5_b 51.22 frame_acc 52.69 frame_acc_b 52.87 loss 0.25 t 0.92 
saving model  model_0000252686.pt
Epoch 68/100
Epoch end: train: dt 1.10 dt/total 0.73 f1@0.5 14.88 f1@0.5_b 43.62 frame_acc 45.39 frame_acc_b 46.20 loss 0.23 t 1.51 
Epoch end: val: dt 0.93 dt/total 1.00 f1@0.5 43.10 f1@0.5_b 52.53 frame_acc 53.69 frame_acc_b 54.08 loss 0.24 t 0.93 
saving model  model_0000252721.pt
Epoch 69/100
Epoch end: train: dt 1.09 dt/total 0.73 f1@0.5 14.65 f1@0.5_b 44.35 frame_acc 45.10 frame_acc_b 46.22 loss 0.23 t 1.50 
Epoch end: val: dt 0.92 dt/total 1.00 f1@0.5 44.59 f1@0.5_b 50.69 frame_acc 53.26 frame_acc_b 53.27 loss 0.25 t 0.92 
saving model  model_0000252756.pt
Epoch 70/100
Epoch end: train: dt 1.09 dt/total 0.73 f1@0.5 15.05 f1@0.5_b 44.01 frame_acc 45.25 frame_acc_b 46.22 loss 0.23 t 1.49 
Epoch end: val: dt 0.92 dt/total 1.00 f1@0.5 45.22 f1@0.5_b 52.82 frame_acc 54.17 frame_acc_b 54.31 loss 0.24 t 0.92 
saving model  model_0000252791.pt
Epoch 71/100
Epoch end: train: dt 1.10 dt/total 0.73 f1@0.5 14.80 f1@0.5_b 44.01 frame_acc 45.10 frame_acc_b 46.08 loss 0.22 t 1.50 
Epoch end: val: dt 0.93 dt/total 1.00 f1@0.5 44.01 f1@0.5_b 52.69 frame_acc 53.34 frame_acc_b 53.80 loss 0.24 t 0.93 
saving model  model_0000252826.pt
Epoch 72/100
Epoch end: train: dt 1.10 dt/total 0.73 f1@0.5 14.75 f1@0.5_b 43.75 frame_acc 45.63 frame_acc_b 46.30 loss 0.22 t 1.51 
Epoch end: val: dt 0.92 dt/total 1.00 f1@0.5 43.43 f1@0.5_b 53.03 frame_acc 53.74 frame_acc_b 54.26 loss 0.25 t 0.92 
saving model  model_0000252861.pt
Epoch 73/100
Epoch end: train: dt 1.10 dt/total 0.73 f1@0.5 14.00 f1@0.5_b 43.73 frame_acc 44.90 frame_acc_b 45.98 loss 0.23 t 1.51 
Epoch end: val: dt 0.92 dt/total 1.00 f1@0.5 44.12 f1@0.5_b 53.32 frame_acc 53.89 frame_acc_b 53.94 loss 0.25 t 0.92 
saving model  model_0000252896.pt
Epoch 74/100
Epoch end: train: dt 1.10 dt/total 0.73 f1@0.5 14.86 f1@0.5_b 44.22 frame_acc 45.20 frame_acc_b 46.41 loss 0.23 t 1.50 
Epoch end: val: dt 0.92 dt/total 1.00 f1@0.5 42.86 f1@0.5_b 52.95 frame_acc 52.95 frame_acc_b 53.54 loss 0.25 t 0.92 
saving model  model_0000252931.pt
Epoch 75/100
Epoch end: train: dt 1.10 dt/total 0.73 f1@0.5 14.86 f1@0.5_b 44.19 frame_acc 45.41 frame_acc_b 46.27 loss 0.22 t 1.51 
Epoch end: val: dt 0.92 dt/total 1.00 f1@0.5 42.59 f1@0.5_b 51.70 frame_acc 53.25 frame_acc_b 53.67 loss 0.25 t 0.92 
saving model  model_0000252966.pt
Epoch 76/100
Epoch end: train: dt 1.10 dt/total 0.73 f1@0.5 14.36 f1@0.5_b 43.33 frame_acc 45.16 frame_acc_b 45.93 loss 0.23 t 1.51 
Epoch end: val: dt 0.92 dt/total 1.00 f1@0.5 42.48 f1@0.5_b 51.35 frame_acc 53.38 frame_acc_b 53.54 loss 0.25 t 0.92 
saving model  model_0000253001.pt
Epoch 77/100
Epoch end: train: dt 1.10 dt/total 0.73 f1@0.5 14.26 f1@0.5_b 43.20 frame_acc 45.12 frame_acc_b 45.98 loss 0.22 t 1.50 
Epoch end: val: dt 0.92 dt/total 1.00 f1@0.5 41.78 f1@0.5_b 51.20 frame_acc 53.64 frame_acc_b 53.74 loss 0.24 t 0.92 
saving model  model_0000253036.pt
Epoch 78/100
Epoch end: train: dt 1.10 dt/total 0.73 f1@0.5 14.12 f1@0.5_b 43.77 frame_acc 45.24 frame_acc_b 46.10 loss 0.22 t 1.50 
Epoch end: val: dt 0.92 dt/total 1.00 f1@0.5 42.09 f1@0.5_b 51.06 frame_acc 53.47 frame_acc_b 54.09 loss 0.24 t 0.92 
saving model  model_0000253071.pt
Epoch 79/100
Epoch end: train: dt 1.11 dt/total 0.73 f1@0.5 13.90 f1@0.5_b 43.51 frame_acc 45.25 frame_acc_b 46.26 loss 0.22 t 1.51 
Epoch end: val: dt 0.94 dt/total 1.00 f1@0.5 43.39 f1@0.5_b 52.39 frame_acc 53.68 frame_acc_b 53.97 loss 0.25 t 0.94 
saving model  model_0000253106.pt
Epoch 80/100
Epoch end: train: dt 1.10 dt/total 0.73 f1@0.5 14.38 f1@0.5_b 43.52 frame_acc 45.13 frame_acc_b 45.95 loss 0.23 t 1.51 
Epoch end: val: dt 0.93 dt/total 1.00 f1@0.5 43.92 f1@0.5_b 52.39 frame_acc 53.08 frame_acc_b 53.21 loss 0.25 t 0.93 
saving model  model_0000253141.pt
Epoch 81/100
Epoch end: train: dt 1.11 dt/total 0.73 f1@0.5 14.22 f1@0.5_b 44.83 frame_acc 45.18 frame_acc_b 46.22 loss 0.22 t 1.51 
Epoch end: val: dt 0.92 dt/total 1.00 f1@0.5 42.23 f1@0.5_b 51.38 frame_acc 53.28 frame_acc_b 53.51 loss 0.25 t 0.92 
saving model  model_0000253176.pt
Epoch 82/100
Epoch end: train: dt 1.11 dt/total 0.73 f1@0.5 14.52 f1@0.5_b 43.99 frame_acc 45.15 frame_acc_b 46.19 loss 0.22 t 1.51 
Epoch end: val: dt 0.93 dt/total 1.00 f1@0.5 41.73 f1@0.5_b 51.44 frame_acc 53.93 frame_acc_b 54.50 loss 0.24 t 0.93 
saving model  model_0000253211.pt
Epoch 83/100
Epoch end: train: dt 1.10 dt/total 0.73 f1@0.5 14.79 f1@0.5_b 44.07 frame_acc 45.58 frame_acc_b 46.39 loss 0.22 t 1.50 
Epoch end: val: dt 0.93 dt/total 1.00 f1@0.5 43.76 f1@0.5_b 52.87 frame_acc 54.62 frame_acc_b 54.77 loss 0.24 t 0.93 
saving model  model_0000253246.pt
Epoch 84/100
Epoch end: train: dt 1.09 dt/total 0.73 f1@0.5 14.21 f1@0.5_b 42.93 frame_acc 45.08 frame_acc_b 45.82 loss 0.22 t 1.50 
Epoch end: val: dt 0.93 dt/total 1.00 f1@0.5 41.97 f1@0.5_b 51.09 frame_acc 52.97 frame_acc_b 53.61 loss 0.24 t 0.93 
saving model  model_0000253281.pt
Epoch 85/100
Epoch end: train: dt 1.10 dt/total 0.73 f1@0.5 14.60 f1@0.5_b 43.54 frame_acc 45.56 frame_acc_b 46.19 loss 0.22 t 1.50 
Epoch end: val: dt 0.92 dt/total 1.00 f1@0.5 42.80 f1@0.5_b 52.85 frame_acc 53.62 frame_acc_b 54.11 loss 0.24 t 0.92 
saving model  model_0000253316.pt
Epoch 86/100
Epoch end: train: dt 1.10 dt/total 0.73 f1@0.5 14.37 f1@0.5_b 43.76 frame_acc 45.30 frame_acc_b 46.00 loss 0.22 t 1.50 
Epoch end: val: dt 0.92 dt/total 1.00 f1@0.5 44.46 f1@0.5_b 52.15 frame_acc 53.63 frame_acc_b 53.63 loss 0.24 t 0.92 
saving model  model_0000253351.pt
Epoch 87/100
Epoch end: train: dt 1.10 dt/total 0.73 f1@0.5 14.60 f1@0.5_b 44.04 frame_acc 45.58 frame_acc_b 46.34 loss 0.22 t 1.51 
Epoch end: val: dt 0.92 dt/total 1.00 f1@0.5 43.80 f1@0.5_b 52.63 frame_acc 54.20 frame_acc_b 54.46 loss 0.24 t 0.92 
saving model  model_0000253386.pt
Epoch 88/100
Epoch end: train: dt 1.10 dt/total 0.73 f1@0.5 14.18 f1@0.5_b 44.28 frame_acc 45.52 frame_acc_b 46.46 loss 0.22 t 1.50 
Epoch end: val: dt 0.92 dt/total 1.00 f1@0.5 44.10 f1@0.5_b 53.08 frame_acc 54.00 frame_acc_b 54.76 loss 0.24 t 0.92 
saving model  model_0000253421.pt
Epoch 89/100
Epoch end: train: dt 1.10 dt/total 0.73 f1@0.5 14.64 f1@0.5_b 44.56 frame_acc 45.45 frame_acc_b 46.19 loss 0.22 t 1.50 
Epoch end: val: dt 0.92 dt/total 1.00 f1@0.5 44.25 f1@0.5_b 51.94 frame_acc 53.79 frame_acc_b 54.20 loss 0.24 t 0.92 
saving model  model_0000253456.pt
Epoch 90/100
Epoch end: train: dt 1.10 dt/total 0.73 f1@0.5 14.61 f1@0.5_b 44.03 frame_acc 45.43 frame_acc_b 46.31 loss 0.22 t 1.50 
Epoch end: val: dt 0.93 dt/total 1.00 f1@0.5 43.84 f1@0.5_b 52.79 frame_acc 54.25 frame_acc_b 54.76 loss 0.24 t 0.93 
saving model  model_0000253491.pt
Epoch 91/100
Epoch end: train: dt 1.11 dt/total 0.73 f1@0.5 14.32 f1@0.5_b 44.00 frame_acc 45.03 frame_acc_b 45.97 loss 0.22 t 1.52 
Epoch end: val: dt 0.92 dt/total 1.00 f1@0.5 43.65 f1@0.5_b 51.86 frame_acc 53.96 frame_acc_b 54.05 loss 0.24 t 0.92 
saving model  model_0000253526.pt
Epoch 92/100
Epoch end: train: dt 1.10 dt/total 0.73 f1@0.5 14.22 f1@0.5_b 43.85 frame_acc 44.97 frame_acc_b 46.00 loss 0.22 t 1.50 
Epoch end: val: dt 0.92 dt/total 1.00 f1@0.5 42.84 f1@0.5_b 51.70 frame_acc 53.26 frame_acc_b 53.93 loss 0.25 t 0.92 
saving model  model_0000253561.pt
Epoch 93/100
Epoch end: train: dt 1.12 dt/total 0.73 f1@0.5 13.65 f1@0.5_b 43.04 frame_acc 44.90 frame_acc_b 45.72 loss 0.22 t 1.52 
Epoch end: val: dt 0.93 dt/total 1.00 f1@0.5 43.61 f1@0.5_b 52.87 frame_acc 54.31 frame_acc_b 54.41 loss 0.24 t 0.93 
saving model  model_0000253596.pt
Epoch 94/100
Epoch end: train: dt 1.10 dt/total 0.73 f1@0.5 14.23 f1@0.5_b 43.70 frame_acc 45.09 frame_acc_b 45.98 loss 0.22 t 1.51 
Epoch end: val: dt 0.92 dt/total 1.00 f1@0.5 43.78 f1@0.5_b 51.91 frame_acc 53.48 frame_acc_b 54.12 loss 0.24 t 0.92 
saving model  model_0000253631.pt
Epoch 95/100
Epoch end: train: dt 1.10 dt/total 0.73 f1@0.5 14.26 f1@0.5_b 44.64 frame_acc 45.31 frame_acc_b 46.44 loss 0.22 t 1.51 
Epoch end: val: dt 0.94 dt/total 1.00 f1@0.5 43.13 f1@0.5_b 52.20 frame_acc 53.33 frame_acc_b 53.68 loss 0.25 t 0.94 
saving model  model_0000253666.pt
Epoch 96/100
Epoch end: train: dt 1.11 dt/total 0.73 f1@0.5 14.89 f1@0.5_b 44.53 frame_acc 45.44 frame_acc_b 46.37 loss 0.22 t 1.51 
Epoch end: val: dt 0.93 dt/total 1.00 f1@0.5 44.25 f1@0.5_b 53.40 frame_acc 54.29 frame_acc_b 54.44 loss 0.24 t 0.93 
saving model  model_0000253701.pt
Epoch 97/100
Epoch end: train: dt 1.09 dt/total 0.73 f1@0.5 14.70 f1@0.5_b 43.84 frame_acc 45.31 frame_acc_b 46.17 loss 0.22 t 1.50 
Epoch end: val: dt 0.92 dt/total 1.00 f1@0.5 43.66 f1@0.5_b 52.85 frame_acc 53.79 frame_acc_b 54.17 loss 0.24 t 0.92 
saving model  model_0000253736.pt
Epoch 98/100
Epoch end: train: dt 1.10 dt/total 0.73 f1@0.5 13.87 f1@0.5_b 43.57 frame_acc 45.54 frame_acc_b 46.49 loss 0.22 t 1.50 
Epoch end: val: dt 0.92 dt/total 1.00 f1@0.5 42.42 f1@0.5_b 50.61 frame_acc 52.76 frame_acc_b 53.23 loss 0.25 t 0.92 
saving model  model_0000253771.pt
Epoch 99/100
Epoch end: train: dt 1.11 dt/total 0.73 f1@0.5 14.32 f1@0.5_b 43.93 frame_acc 45.52 frame_acc_b 46.25 loss 0.22 t 1.51 
Epoch end: val: dt 0.92 dt/total 1.00 f1@0.5 43.36 f1@0.5_b 53.11 frame_acc 53.24 frame_acc_b 53.94 loss 0.24 t 0.92 
saving model  model_0000253806.pt
Epoch 100/100
Epoch end: train: dt 1.11 dt/total 0.73 f1@0.5 14.18 f1@0.5_b 43.86 frame_acc 45.50 frame_acc_b 46.38 loss 0.22 t 1.51 
Epoch end: val: dt 0.93 dt/total 1.00 f1@0.5 42.82 f1@0.5_b 52.34 frame_acc 53.54 frame_acc_b 54.13 loss 0.24 t 0.93 
saving model  model_0000253841.pt
