Cuda current device  0
Loading features...
Loading segmentation features...
Adding bias to prior subtitle times  2.7
Adding bias to GT subtitle times  0
Loading subtitles associated to sentences...
mode  train
number of samples 8757
Mean feats length samples 23.819230330021696
Standard deviation feats length samples 17.478824009448534
Min feats length samples 3
Max feats length samples 123
80\% percentile feats length 35.80000000000018
90\% percentile feats length 48.0
95\% percentile feats length 60.0
Mean texts length samples 53.13269384492406
Standard deviation texts length samples 41.76429919432809
Min texts length samples 3
Max texts length samples 323
80\% percentile texts length 82.0
90\% percentile texts length 111.0
95\% percentile texts length 137.0
Loading features...
Loading segmentation features...
Adding bias to prior subtitle times  2.7
Adding bias to GT subtitle times  0
Loading subtitles associated to sentences...
mode  val
number of samples 1885
Mean feats length samples 26.616445623342177
Standard deviation feats length samples 18.274617351829736
Min feats length samples 3
Max feats length samples 123
80\% percentile feats length 41.0
90\% percentile feats length 51.0
95\% percentile feats length 62.0
Mean texts length samples 63.36074270557029
Standard deviation texts length samples 45.7253401816422
Min texts length samples 3
Max texts length samples 326
80\% percentile texts length 97.0
90\% percentile texts length 126.0
95\% percentile texts length 148.79999999999995
Model's state_dict:
[32mAdam (
Parameter Group 0
    amsgrad: False
    betas: (0.9, 0.999)
    capturable: False
    differentiable: False
    eps: 1e-08
    foreach: None
    fused: None
    lr: 1e-06
    maximize: False
    weight_decay: 0
)[0m
Number of parameters: 16904449
[32mModel /scratch/shared/beegfs/zifan/checkpoints/subtitle_align/train_coarse_subtitles/checkpoints/model_0000250341.pt loaded![0m
Epoch end: val: dt 0.35 dt/total 1.00 f1@0.5 45.85 f1@0.5_b 53.19 frame_acc 49.65 frame_acc_b 54.71 loss 0.23 t 0.35 
Epoch 1/100
Epoch end: train: dt 0.41 dt/total 0.78 f1@0.5 26.49 f1@0.5_b 44.18 frame_acc 42.59 frame_acc_b 46.06 loss 0.23 t 0.52 
Epoch end: val: dt 0.36 dt/total 1.00 f1@0.5 50.92 f1@0.5_b 52.58 frame_acc 52.91 frame_acc_b 53.93 loss 0.24 t 0.36 
best checkpoint so far!
saving model  model_0000250376.pt
Epoch 2/100
Epoch end: train: dt 0.40 dt/total 0.78 f1@0.5 28.58 f1@0.5_b 44.01 frame_acc 43.67 frame_acc_b 46.23 loss 0.22 t 0.51 
Epoch end: val: dt 0.34 dt/total 1.00 f1@0.5 50.53 f1@0.5_b 52.50 frame_acc 53.05 frame_acc_b 54.09 loss 0.24 t 0.34 
best checkpoint so far!
saving model  model_0000250411.pt
Epoch 3/100
Epoch end: train: dt 0.41 dt/total 0.79 f1@0.5 29.47 f1@0.5_b 45.20 frame_acc 44.17 frame_acc_b 46.34 loss 0.22 t 0.52 
Epoch end: val: dt 0.35 dt/total 1.00 f1@0.5 50.37 f1@0.5_b 52.98 frame_acc 52.65 frame_acc_b 53.84 loss 0.24 t 0.35 
saving model  model_0000250446.pt
Epoch 4/100
Epoch end: train: dt 0.40 dt/total 0.79 f1@0.5 29.89 f1@0.5_b 45.18 frame_acc 44.17 frame_acc_b 46.13 loss 0.22 t 0.51 
Epoch end: val: dt 0.35 dt/total 1.00 f1@0.5 52.20 f1@0.5_b 54.20 frame_acc 53.40 frame_acc_b 54.45 loss 0.24 t 0.35 
best checkpoint so far!
saving model  model_0000250481.pt
Epoch 5/100
Epoch end: train: dt 0.40 dt/total 0.79 f1@0.5 29.48 f1@0.5_b 44.32 frame_acc 43.71 frame_acc_b 45.82 loss 0.22 t 0.51 
Epoch end: val: dt 0.35 dt/total 1.00 f1@0.5 51.44 f1@0.5_b 53.59 frame_acc 53.59 frame_acc_b 54.73 loss 0.23 t 0.35 
best checkpoint so far!
saving model  model_0000250516.pt
Epoch 6/100
Epoch end: train: dt 0.40 dt/total 0.78 f1@0.5 30.10 f1@0.5_b 44.09 frame_acc 44.17 frame_acc_b 45.84 loss 0.22 t 0.51 
Epoch end: val: dt 0.35 dt/total 1.00 f1@0.5 49.98 f1@0.5_b 53.27 frame_acc 52.17 frame_acc_b 53.80 loss 0.24 t 0.35 
saving model  model_0000250551.pt
Epoch 7/100
Epoch end: train: dt 0.41 dt/total 0.79 f1@0.5 29.68 f1@0.5_b 43.76 frame_acc 43.78 frame_acc_b 45.56 loss 0.22 t 0.52 
Epoch end: val: dt 0.35 dt/total 1.00 f1@0.5 51.35 f1@0.5_b 52.66 frame_acc 53.17 frame_acc_b 54.57 loss 0.23 t 0.35 
saving model  model_0000250586.pt
Epoch 8/100
Epoch end: train: dt 0.40 dt/total 0.78 f1@0.5 30.52 f1@0.5_b 44.48 frame_acc 44.35 frame_acc_b 46.08 loss 0.22 t 0.51 
Epoch end: val: dt 0.35 dt/total 1.00 f1@0.5 52.64 f1@0.5_b 54.02 frame_acc 53.45 frame_acc_b 54.50 loss 0.23 t 0.35 
saving model  model_0000250621.pt
Epoch 9/100
Epoch end: train: dt 0.40 dt/total 0.79 f1@0.5 30.52 f1@0.5_b 44.19 frame_acc 44.19 frame_acc_b 46.10 loss 0.22 t 0.51 
Epoch end: val: dt 0.34 dt/total 1.00 f1@0.5 48.91 f1@0.5_b 51.46 frame_acc 51.48 frame_acc_b 52.85 loss 0.24 t 0.34 
saving model  model_0000250656.pt
Epoch 10/100
Epoch end: train: dt 0.40 dt/total 0.79 f1@0.5 31.32 f1@0.5_b 45.45 frame_acc 44.75 frame_acc_b 46.59 loss 0.22 t 0.51 
Epoch end: val: dt 0.35 dt/total 1.00 f1@0.5 50.99 f1@0.5_b 51.97 frame_acc 52.92 frame_acc_b 53.95 loss 0.24 t 0.35 
saving model  model_0000250691.pt
Epoch 11/100
Epoch end: train: dt 0.41 dt/total 0.79 f1@0.5 30.98 f1@0.5_b 44.24 frame_acc 44.48 frame_acc_b 45.88 loss 0.22 t 0.52 
Epoch end: val: dt 0.34 dt/total 1.00 f1@0.5 49.94 f1@0.5_b 51.73 frame_acc 51.75 frame_acc_b 53.14 loss 0.24 t 0.34 
saving model  model_0000250726.pt
Epoch 12/100
Epoch end: train: dt 0.41 dt/total 0.79 f1@0.5 31.08 f1@0.5_b 44.46 frame_acc 44.56 frame_acc_b 46.18 loss 0.22 t 0.52 
Epoch end: val: dt 0.34 dt/total 1.00 f1@0.5 50.09 f1@0.5_b 53.64 frame_acc 52.30 frame_acc_b 53.88 loss 0.24 t 0.34 
saving model  model_0000250761.pt
Epoch 13/100
Epoch end: train: dt 0.40 dt/total 0.79 f1@0.5 31.89 f1@0.5_b 45.00 frame_acc 44.78 frame_acc_b 46.31 loss 0.21 t 0.51 
Epoch end: val: dt 0.35 dt/total 1.00 f1@0.5 50.92 f1@0.5_b 53.59 frame_acc 53.27 frame_acc_b 54.39 loss 0.23 t 0.35 
saving model  model_0000250796.pt
Epoch 14/100
Epoch end: train: dt 0.41 dt/total 0.79 f1@0.5 31.66 f1@0.5_b 44.85 frame_acc 44.97 frame_acc_b 46.53 loss 0.22 t 0.52 
Epoch end: val: dt 0.35 dt/total 1.00 f1@0.5 53.03 f1@0.5_b 53.61 frame_acc 53.81 frame_acc_b 54.72 loss 0.23 t 0.35 
best checkpoint so far!
saving model  model_0000250831.pt
Epoch 15/100
Epoch end: train: dt 0.40 dt/total 0.79 f1@0.5 31.83 f1@0.5_b 45.18 frame_acc 44.86 frame_acc_b 46.26 loss 0.22 t 0.51 
Epoch end: val: dt 0.35 dt/total 1.00 f1@0.5 52.23 f1@0.5_b 54.26 frame_acc 53.13 frame_acc_b 54.46 loss 0.23 t 0.35 
saving model  model_0000250866.pt
Epoch 16/100
Epoch end: train: dt 0.41 dt/total 0.79 f1@0.5 32.05 f1@0.5_b 44.58 frame_acc 44.89 frame_acc_b 46.29 loss 0.22 t 0.52 
Epoch end: val: dt 0.35 dt/total 1.00 f1@0.5 51.12 f1@0.5_b 52.79 frame_acc 53.56 frame_acc_b 54.51 loss 0.23 t 0.35 
saving model  model_0000250901.pt
Epoch 17/100
Epoch end: train: dt 0.40 dt/total 0.79 f1@0.5 32.23 f1@0.5_b 44.64 frame_acc 44.86 frame_acc_b 46.26 loss 0.22 t 0.51 
Epoch end: val: dt 0.35 dt/total 1.00 f1@0.5 50.22 f1@0.5_b 52.58 frame_acc 52.30 frame_acc_b 53.75 loss 0.24 t 0.35 
saving model  model_0000250936.pt
Epoch 18/100
Epoch end: train: dt 0.41 dt/total 0.79 f1@0.5 31.85 f1@0.5_b 44.45 frame_acc 44.65 frame_acc_b 46.11 loss 0.22 t 0.52 
Epoch end: val: dt 0.35 dt/total 1.00 f1@0.5 50.22 f1@0.5_b 52.23 frame_acc 52.85 frame_acc_b 54.03 loss 0.24 t 0.35 
saving model  model_0000250971.pt
Epoch 19/100
Epoch end: train: dt 0.41 dt/total 0.79 f1@0.5 31.32 f1@0.5_b 44.30 frame_acc 44.20 frame_acc_b 45.69 loss 0.22 t 0.52 
Epoch end: val: dt 0.35 dt/total 1.00 f1@0.5 50.76 f1@0.5_b 53.78 frame_acc 53.33 frame_acc_b 54.64 loss 0.24 t 0.35 
saving model  model_0000251006.pt
Epoch 20/100
Epoch end: train: dt 0.41 dt/total 0.79 f1@0.5 32.11 f1@0.5_b 44.64 frame_acc 44.85 frame_acc_b 46.02 loss 0.22 t 0.52 
Epoch end: val: dt 0.34 dt/total 1.00 f1@0.5 51.40 f1@0.5_b 52.37 frame_acc 53.08 frame_acc_b 54.21 loss 0.24 t 0.35 
saving model  model_0000251041.pt
Epoch 21/100
Epoch end: train: dt 0.40 dt/total 0.79 f1@0.5 32.11 f1@0.5_b 44.60 frame_acc 45.07 frame_acc_b 46.23 loss 0.22 t 0.51 
Epoch end: val: dt 0.34 dt/total 1.00 f1@0.5 50.54 f1@0.5_b 53.49 frame_acc 52.65 frame_acc_b 53.68 loss 0.24 t 0.34 
saving model  model_0000251076.pt
Epoch 22/100
Epoch end: train: dt 0.41 dt/total 0.79 f1@0.5 32.81 f1@0.5_b 45.16 frame_acc 44.96 frame_acc_b 46.23 loss 0.21 t 0.52 
Epoch end: val: dt 0.35 dt/total 1.00 f1@0.5 52.38 f1@0.5_b 54.12 frame_acc 53.67 frame_acc_b 54.97 loss 0.24 t 0.35 
saving model  model_0000251111.pt
Epoch 23/100
Epoch end: train: dt 0.41 dt/total 0.79 f1@0.5 31.50 f1@0.5_b 44.12 frame_acc 44.38 frame_acc_b 45.75 loss 0.22 t 0.52 
Epoch end: val: dt 0.35 dt/total 1.00 f1@0.5 50.62 f1@0.5_b 53.00 frame_acc 52.59 frame_acc_b 53.61 loss 0.24 t 0.35 
saving model  model_0000251146.pt
Epoch 24/100
Epoch end: train: dt 0.41 dt/total 0.79 f1@0.5 32.10 f1@0.5_b 44.44 frame_acc 44.88 frame_acc_b 46.23 loss 0.22 t 0.52 
Epoch end: val: dt 0.35 dt/total 1.00 f1@0.5 52.58 f1@0.5_b 54.02 frame_acc 53.53 frame_acc_b 54.81 loss 0.23 t 0.35 
saving model  model_0000251181.pt
Epoch 25/100
Epoch end: train: dt 0.40 dt/total 0.79 f1@0.5 31.97 f1@0.5_b 44.55 frame_acc 44.74 frame_acc_b 46.06 loss 0.22 t 0.51 
Epoch end: val: dt 0.35 dt/total 1.00 f1@0.5 51.33 f1@0.5_b 53.43 frame_acc 52.35 frame_acc_b 53.70 loss 0.23 t 0.35 
saving model  model_0000251216.pt
Epoch 26/100
Epoch end: train: dt 0.40 dt/total 0.79 f1@0.5 33.00 f1@0.5_b 44.81 frame_acc 44.89 frame_acc_b 46.17 loss 0.21 t 0.51 
Epoch end: val: dt 0.35 dt/total 1.00 f1@0.5 53.44 f1@0.5_b 53.75 frame_acc 53.46 frame_acc_b 54.58 loss 0.24 t 0.35 
saving model  model_0000251251.pt
Epoch 27/100
Epoch end: train: dt 0.40 dt/total 0.78 f1@0.5 33.53 f1@0.5_b 44.52 frame_acc 45.40 frame_acc_b 46.37 loss 0.21 t 0.51 
Epoch end: val: dt 0.35 dt/total 1.00 f1@0.5 51.14 f1@0.5_b 54.23 frame_acc 52.71 frame_acc_b 54.36 loss 0.24 t 0.35 
saving model  model_0000251286.pt
Epoch 28/100
Epoch end: train: dt 0.40 dt/total 0.79 f1@0.5 32.77 f1@0.5_b 44.63 frame_acc 45.10 frame_acc_b 46.44 loss 0.21 t 0.51 
Epoch end: val: dt 0.34 dt/total 1.00 f1@0.5 51.71 f1@0.5_b 53.06 frame_acc 53.70 frame_acc_b 54.83 loss 0.23 t 0.34 
saving model  model_0000251321.pt
Epoch 29/100
Epoch end: train: dt 0.41 dt/total 0.79 f1@0.5 32.34 f1@0.5_b 44.12 frame_acc 44.84 frame_acc_b 45.98 loss 0.22 t 0.52 
Epoch end: val: dt 0.37 dt/total 1.00 f1@0.5 50.00 f1@0.5_b 51.78 frame_acc 51.92 frame_acc_b 53.44 loss 0.24 t 0.37 
saving model  model_0000251356.pt
Epoch 30/100
Epoch end: train: dt 0.40 dt/total 0.78 f1@0.5 32.84 f1@0.5_b 44.81 frame_acc 45.23 frame_acc_b 46.38 loss 0.21 t 0.51 
Epoch end: val: dt 0.35 dt/total 1.00 f1@0.5 52.09 f1@0.5_b 53.32 frame_acc 53.28 frame_acc_b 54.93 loss 0.23 t 0.35 
saving model  model_0000251391.pt
Epoch 31/100
Epoch end: train: dt 0.41 dt/total 0.79 f1@0.5 32.44 f1@0.5_b 44.08 frame_acc 44.67 frame_acc_b 45.81 loss 0.22 t 0.52 
Epoch end: val: dt 0.35 dt/total 1.00 f1@0.5 50.53 f1@0.5_b 51.75 frame_acc 52.89 frame_acc_b 53.96 loss 0.23 t 0.36 
saving model  model_0000251426.pt
Epoch 32/100
Epoch end: train: dt 0.40 dt/total 0.78 f1@0.5 32.71 f1@0.5_b 44.17 frame_acc 45.00 frame_acc_b 45.96 loss 0.21 t 0.51 
Epoch end: val: dt 0.35 dt/total 1.00 f1@0.5 51.06 f1@0.5_b 52.10 frame_acc 52.76 frame_acc_b 54.08 loss 0.23 t 0.35 
saving model  model_0000251461.pt
Epoch 33/100
Epoch end: train: dt 0.40 dt/total 0.78 f1@0.5 33.07 f1@0.5_b 44.37 frame_acc 45.14 frame_acc_b 46.00 loss 0.21 t 0.51 
Epoch end: val: dt 0.35 dt/total 1.00 f1@0.5 52.07 f1@0.5_b 52.39 frame_acc 53.50 frame_acc_b 54.13 loss 0.23 t 0.35 
saving model  model_0000251496.pt
Epoch 34/100
Epoch end: train: dt 0.40 dt/total 0.78 f1@0.5 33.28 f1@0.5_b 45.10 frame_acc 45.33 frame_acc_b 46.48 loss 0.21 t 0.51 
Epoch end: val: dt 0.35 dt/total 1.00 f1@0.5 52.95 f1@0.5_b 55.04 frame_acc 53.46 frame_acc_b 54.91 loss 0.23 t 0.35 
saving model  model_0000251531.pt
Epoch 35/100
Epoch end: train: dt 0.41 dt/total 0.79 f1@0.5 33.10 f1@0.5_b 44.80 frame_acc 44.99 frame_acc_b 46.16 loss 0.21 t 0.52 
Epoch end: val: dt 0.34 dt/total 1.00 f1@0.5 50.59 f1@0.5_b 52.77 frame_acc 52.77 frame_acc_b 54.04 loss 0.23 t 0.34 
saving model  model_0000251566.pt
Epoch 36/100
Epoch end: train: dt 0.42 dt/total 0.79 f1@0.5 32.65 f1@0.5_b 44.74 frame_acc 44.87 frame_acc_b 46.08 loss 0.21 t 0.53 
Epoch end: val: dt 0.35 dt/total 1.00 f1@0.5 52.70 f1@0.5_b 53.65 frame_acc 52.94 frame_acc_b 53.96 loss 0.23 t 0.35 
saving model  model_0000251601.pt
Epoch 37/100
Epoch end: train: dt 0.40 dt/total 0.78 f1@0.5 33.27 f1@0.5_b 44.94 frame_acc 45.59 frame_acc_b 46.48 loss 0.21 t 0.51 
Epoch end: val: dt 0.35 dt/total 1.00 f1@0.5 50.95 f1@0.5_b 52.47 frame_acc 53.00 frame_acc_b 53.85 loss 0.23 t 0.35 
saving model  model_0000251636.pt
Epoch 38/100
Epoch end: train: dt 0.40 dt/total 0.79 f1@0.5 33.91 f1@0.5_b 45.17 frame_acc 45.39 frame_acc_b 46.32 loss 0.21 t 0.51 
Epoch end: val: dt 0.35 dt/total 1.00 f1@0.5 52.12 f1@0.5_b 53.54 frame_acc 53.27 frame_acc_b 54.24 loss 0.23 t 0.35 
saving model  model_0000251671.pt
Epoch 39/100
Epoch end: train: dt 0.40 dt/total 0.79 f1@0.5 33.19 f1@0.5_b 45.32 frame_acc 45.03 frame_acc_b 46.29 loss 0.21 t 0.51 
Epoch end: val: dt 0.35 dt/total 1.00 f1@0.5 52.75 f1@0.5_b 55.17 frame_acc 52.95 frame_acc_b 54.46 loss 0.24 t 0.35 
saving model  model_0000251706.pt
Epoch 40/100
Epoch end: train: dt 0.41 dt/total 0.79 f1@0.5 32.75 f1@0.5_b 44.24 frame_acc 45.32 frame_acc_b 46.12 loss 0.21 t 0.52 
Epoch end: val: dt 0.35 dt/total 1.00 f1@0.5 49.66 f1@0.5_b 52.07 frame_acc 52.09 frame_acc_b 53.57 loss 0.24 t 0.35 
saving model  model_0000251741.pt
Epoch 41/100
Epoch end: train: dt 0.40 dt/total 0.78 f1@0.5 33.76 f1@0.5_b 45.03 frame_acc 45.69 frame_acc_b 46.49 loss 0.21 t 0.51 
Epoch end: val: dt 0.35 dt/total 1.00 f1@0.5 50.53 f1@0.5_b 52.53 frame_acc 52.73 frame_acc_b 54.27 loss 0.24 t 0.35 
saving model  model_0000251776.pt
Epoch 42/100
Epoch end: train: dt 0.40 dt/total 0.79 f1@0.5 33.47 f1@0.5_b 45.25 frame_acc 45.42 frame_acc_b 46.30 loss 0.21 t 0.51 
Epoch end: val: dt 0.35 dt/total 1.00 f1@0.5 51.65 f1@0.5_b 52.92 frame_acc 52.71 frame_acc_b 53.88 loss 0.23 t 0.35 
saving model  model_0000251811.pt
Epoch 43/100
Epoch end: train: dt 0.40 dt/total 0.78 f1@0.5 33.08 f1@0.5_b 44.72 frame_acc 45.36 frame_acc_b 46.44 loss 0.21 t 0.51 
Epoch end: val: dt 0.37 dt/total 1.00 f1@0.5 50.89 f1@0.5_b 53.40 frame_acc 52.76 frame_acc_b 54.28 loss 0.24 t 0.37 
saving model  model_0000251846.pt
Epoch 44/100
Epoch end: train: dt 0.40 dt/total 0.78 f1@0.5 32.59 f1@0.5_b 43.73 frame_acc 45.03 frame_acc_b 45.96 loss 0.21 t 0.51 
Epoch end: val: dt 0.35 dt/total 1.00 f1@0.5 50.85 f1@0.5_b 53.80 frame_acc 53.12 frame_acc_b 54.52 loss 0.23 t 0.35 
saving model  model_0000251881.pt
Epoch 45/100
Epoch end: train: dt 0.40 dt/total 0.78 f1@0.5 33.41 f1@0.5_b 44.86 frame_acc 45.37 frame_acc_b 46.23 loss 0.21 t 0.51 
Epoch end: val: dt 0.35 dt/total 1.00 f1@0.5 51.12 f1@0.5_b 52.66 frame_acc 52.12 frame_acc_b 53.73 loss 0.24 t 0.35 
saving model  model_0000251916.pt
Epoch 46/100
Epoch end: train: dt 0.40 dt/total 0.79 f1@0.5 33.25 f1@0.5_b 43.75 frame_acc 45.16 frame_acc_b 45.92 loss 0.21 t 0.51 
Epoch end: val: dt 0.35 dt/total 1.00 f1@0.5 51.39 f1@0.5_b 54.08 frame_acc 52.34 frame_acc_b 54.05 loss 0.24 t 0.35 
saving model  model_0000251951.pt
Epoch 47/100
Epoch end: train: dt 0.40 dt/total 0.79 f1@0.5 33.65 f1@0.5_b 44.98 frame_acc 45.23 frame_acc_b 46.34 loss 0.21 t 0.51 
Epoch end: val: dt 0.35 dt/total 1.00 f1@0.5 50.24 f1@0.5_b 51.49 frame_acc 52.48 frame_acc_b 53.80 loss 0.24 t 0.35 
saving model  model_0000251986.pt
Epoch 48/100
Epoch end: train: dt 0.40 dt/total 0.78 f1@0.5 33.35 f1@0.5_b 43.84 frame_acc 45.42 frame_acc_b 45.94 loss 0.21 t 0.51 
Epoch end: val: dt 0.35 dt/total 1.00 f1@0.5 52.92 f1@0.5_b 52.68 frame_acc 53.35 frame_acc_b 54.43 loss 0.23 t 0.35 
saving model  model_0000252021.pt
Epoch 49/100
Epoch end: train: dt 0.40 dt/total 0.78 f1@0.5 33.53 f1@0.5_b 43.81 frame_acc 45.35 frame_acc_b 46.10 loss 0.21 t 0.51 
Epoch end: val: dt 0.35 dt/total 1.00 f1@0.5 51.17 f1@0.5_b 52.89 frame_acc 52.46 frame_acc_b 53.92 loss 0.24 t 0.35 
saving model  model_0000252056.pt
Epoch 50/100
Epoch end: train: dt 0.40 dt/total 0.79 f1@0.5 33.77 f1@0.5_b 45.32 frame_acc 45.65 frame_acc_b 46.40 loss 0.21 t 0.51 
Epoch end: val: dt 0.35 dt/total 1.00 f1@0.5 49.94 f1@0.5_b 51.52 frame_acc 52.11 frame_acc_b 53.60 loss 0.23 t 0.35 
saving model  model_0000252091.pt
Epoch 51/100
Epoch end: train: dt 0.40 dt/total 0.79 f1@0.5 33.56 f1@0.5_b 44.96 frame_acc 45.52 frame_acc_b 46.46 loss 0.21 t 0.51 
Epoch end: val: dt 0.35 dt/total 1.00 f1@0.5 50.40 f1@0.5_b 53.75 frame_acc 52.61 frame_acc_b 54.06 loss 0.23 t 0.35 
saving model  model_0000252126.pt
Epoch 52/100
Epoch end: train: dt 0.40 dt/total 0.78 f1@0.5 33.11 f1@0.5_b 44.23 frame_acc 44.97 frame_acc_b 45.82 loss 0.21 t 0.51 
Epoch end: val: dt 0.36 dt/total 1.00 f1@0.5 49.75 f1@0.5_b 51.97 frame_acc 51.93 frame_acc_b 53.58 loss 0.24 t 0.36 
saving model  model_0000252161.pt
Epoch 53/100
Epoch end: train: dt 0.40 dt/total 0.79 f1@0.5 32.99 f1@0.5_b 43.94 frame_acc 45.28 frame_acc_b 46.10 loss 0.21 t 0.51 
Epoch end: val: dt 0.34 dt/total 1.00 f1@0.5 51.83 f1@0.5_b 52.82 frame_acc 52.91 frame_acc_b 54.27 loss 0.23 t 0.34 
saving model  model_0000252196.pt
Epoch 54/100
Epoch end: train: dt 0.40 dt/total 0.78 f1@0.5 33.74 f1@0.5_b 44.52 frame_acc 45.74 frame_acc_b 46.43 loss 0.21 t 0.51 
Epoch end: val: dt 0.35 dt/total 1.00 f1@0.5 50.93 f1@0.5_b 53.53 frame_acc 52.64 frame_acc_b 53.98 loss 0.23 t 0.35 
saving model  model_0000252231.pt
Epoch 55/100
Epoch end: train: dt 0.40 dt/total 0.79 f1@0.5 33.80 f1@0.5_b 44.44 frame_acc 45.43 frame_acc_b 46.02 loss 0.21 t 0.51 
Epoch end: val: dt 0.34 dt/total 1.00 f1@0.5 50.59 f1@0.5_b 52.37 frame_acc 52.45 frame_acc_b 53.85 loss 0.24 t 0.34 
saving model  model_0000252266.pt
Epoch 56/100
Epoch end: train: dt 0.41 dt/total 0.79 f1@0.5 33.40 f1@0.5_b 45.19 frame_acc 44.79 frame_acc_b 46.14 loss 0.21 t 0.52 
Epoch end: val: dt 0.36 dt/total 1.00 f1@0.5 51.96 f1@0.5_b 55.05 frame_acc 53.38 frame_acc_b 54.99 loss 0.23 t 0.36 
saving model  model_0000252301.pt
Epoch 57/100
Epoch end: train: dt 0.40 dt/total 0.79 f1@0.5 33.53 f1@0.5_b 44.36 frame_acc 45.28 frame_acc_b 46.19 loss 0.21 t 0.51 
Epoch end: val: dt 0.36 dt/total 1.00 f1@0.5 49.52 f1@0.5_b 52.82 frame_acc 52.84 frame_acc_b 54.16 loss 0.23 t 0.36 
saving model  model_0000252336.pt
Epoch 58/100
Epoch end: train: dt 0.41 dt/total 0.79 f1@0.5 33.62 f1@0.5_b 44.76 frame_acc 45.66 frame_acc_b 46.08 loss 0.21 t 0.52 
Epoch end: val: dt 0.35 dt/total 1.00 f1@0.5 50.30 f1@0.5_b 52.82 frame_acc 52.47 frame_acc_b 54.07 loss 0.24 t 0.35 
saving model  model_0000252371.pt
Epoch 59/100
Epoch end: train: dt 0.40 dt/total 0.78 f1@0.5 34.07 f1@0.5_b 44.67 frame_acc 45.42 frame_acc_b 46.15 loss 0.21 t 0.51 
Epoch end: val: dt 0.35 dt/total 1.00 f1@0.5 51.98 f1@0.5_b 53.40 frame_acc 52.61 frame_acc_b 53.87 loss 0.24 t 0.35 
saving model  model_0000252406.pt
Epoch 60/100
Epoch end: train: dt 0.41 dt/total 0.79 f1@0.5 33.06 f1@0.5_b 44.26 frame_acc 45.00 frame_acc_b 45.94 loss 0.21 t 0.52 
Epoch end: val: dt 0.35 dt/total 1.00 f1@0.5 52.26 f1@0.5_b 53.05 frame_acc 53.09 frame_acc_b 54.22 loss 0.23 t 0.35 
saving model  model_0000252441.pt
Epoch 61/100
Epoch end: train: dt 0.41 dt/total 0.79 f1@0.5 33.81 f1@0.5_b 44.37 frame_acc 45.52 frame_acc_b 46.14 loss 0.21 t 0.52 
Epoch end: val: dt 0.35 dt/total 1.00 f1@0.5 52.12 f1@0.5_b 53.16 frame_acc 53.32 frame_acc_b 54.39 loss 0.23 t 0.35 
saving model  model_0000252476.pt
Epoch 62/100
Epoch end: train: dt 0.40 dt/total 0.79 f1@0.5 33.23 f1@0.5_b 44.46 frame_acc 45.06 frame_acc_b 46.12 loss 0.21 t 0.51 
Epoch end: val: dt 0.35 dt/total 1.00 f1@0.5 50.61 f1@0.5_b 53.74 frame_acc 52.73 frame_acc_b 54.14 loss 0.23 t 0.35 
saving model  model_0000252511.pt
Epoch 63/100
Epoch end: train: dt 0.40 dt/total 0.79 f1@0.5 32.65 f1@0.5_b 44.14 frame_acc 45.34 frame_acc_b 45.93 loss 0.21 t 0.51 
Epoch end: val: dt 0.34 dt/total 1.00 f1@0.5 51.39 f1@0.5_b 53.64 frame_acc 52.49 frame_acc_b 54.23 loss 0.23 t 0.34 
saving model  model_0000252546.pt
Epoch 64/100
Epoch end: train: dt 0.40 dt/total 0.78 f1@0.5 33.93 f1@0.5_b 45.21 frame_acc 46.09 frame_acc_b 46.89 loss 0.21 t 0.51 
Epoch end: val: dt 0.35 dt/total 1.00 f1@0.5 50.94 f1@0.5_b 53.22 frame_acc 52.41 frame_acc_b 54.17 loss 0.23 t 0.35 
saving model  model_0000252581.pt
Epoch 65/100
Epoch end: train: dt 0.40 dt/total 0.79 f1@0.5 33.06 f1@0.5_b 43.69 frame_acc 45.24 frame_acc_b 45.86 loss 0.21 t 0.52 
Epoch end: val: dt 0.35 dt/total 1.00 f1@0.5 51.06 f1@0.5_b 53.43 frame_acc 52.27 frame_acc_b 54.17 loss 0.23 t 0.35 
saving model  model_0000252616.pt
Epoch 66/100
Epoch end: train: dt 0.41 dt/total 0.79 f1@0.5 33.73 f1@0.5_b 44.55 frame_acc 45.56 frame_acc_b 46.04 loss 0.21 t 0.52 
Epoch end: val: dt 0.36 dt/total 1.00 f1@0.5 50.21 f1@0.5_b 52.77 frame_acc 52.73 frame_acc_b 53.81 loss 0.23 t 0.36 
saving model  model_0000252651.pt
Epoch 67/100
Epoch end: train: dt 0.40 dt/total 0.79 f1@0.5 33.65 f1@0.5_b 44.42 frame_acc 45.63 frame_acc_b 46.39 loss 0.21 t 0.51 
Epoch end: val: dt 0.35 dt/total 1.00 f1@0.5 48.55 f1@0.5_b 51.78 frame_acc 51.20 frame_acc_b 52.91 loss 0.24 t 0.35 
saving model  model_0000252686.pt
Epoch 68/100
Epoch end: train: dt 0.40 dt/total 0.79 f1@0.5 33.70 f1@0.5_b 44.29 frame_acc 45.81 frame_acc_b 46.23 loss 0.21 t 0.51 
Epoch end: val: dt 0.35 dt/total 1.00 f1@0.5 50.37 f1@0.5_b 53.19 frame_acc 52.79 frame_acc_b 54.12 loss 0.23 t 0.36 
saving model  model_0000252721.pt
Epoch 69/100
Epoch end: train: dt 0.40 dt/total 0.79 f1@0.5 33.16 f1@0.5_b 45.21 frame_acc 45.40 frame_acc_b 46.21 loss 0.21 t 0.51 
Epoch end: val: dt 0.35 dt/total 1.00 f1@0.5 50.00 f1@0.5_b 51.65 frame_acc 52.09 frame_acc_b 53.28 loss 0.24 t 0.35 
saving model  model_0000252756.pt
Epoch 70/100
Epoch end: train: dt 0.41 dt/total 0.79 f1@0.5 33.43 f1@0.5_b 44.66 frame_acc 45.47 frame_acc_b 46.26 loss 0.21 t 0.52 
Epoch end: val: dt 0.35 dt/total 1.00 f1@0.5 51.85 f1@0.5_b 53.43 frame_acc 53.07 frame_acc_b 54.31 loss 0.23 t 0.35 
saving model  model_0000252791.pt
Epoch 71/100
Epoch end: train: dt 0.41 dt/total 0.79 f1@0.5 33.72 f1@0.5_b 44.55 frame_acc 45.49 frame_acc_b 46.11 loss 0.21 t 0.52 
Epoch end: val: dt 0.35 dt/total 1.00 f1@0.5 50.58 f1@0.5_b 53.38 frame_acc 52.46 frame_acc_b 53.79 loss 0.23 t 0.35 
saving model  model_0000252826.pt
Epoch 72/100
Epoch end: train: dt 0.40 dt/total 0.79 f1@0.5 34.03 f1@0.5_b 44.35 frame_acc 46.01 frame_acc_b 46.31 loss 0.21 t 0.51 
Epoch end: val: dt 0.35 dt/total 1.00 f1@0.5 50.81 f1@0.5_b 53.35 frame_acc 52.59 frame_acc_b 54.28 loss 0.24 t 0.35 
saving model  model_0000252861.pt
Epoch 73/100
Epoch end: train: dt 0.40 dt/total 0.78 f1@0.5 34.08 f1@0.5_b 44.59 frame_acc 45.56 frame_acc_b 46.00 loss 0.21 t 0.51 
Epoch end: val: dt 0.35 dt/total 1.00 f1@0.5 51.80 f1@0.5_b 54.07 frame_acc 52.26 frame_acc_b 53.92 loss 0.24 t 0.35 
saving model  model_0000252896.pt
Epoch 74/100
Epoch end: train: dt 0.41 dt/total 0.79 f1@0.5 33.87 f1@0.5_b 44.86 frame_acc 45.66 frame_acc_b 46.42 loss 0.21 t 0.52 
Epoch end: val: dt 0.35 dt/total 1.00 f1@0.5 49.92 f1@0.5_b 53.48 frame_acc 51.51 frame_acc_b 53.52 loss 0.24 t 0.35 
saving model  model_0000252931.pt
Epoch 75/100
Epoch end: train: dt 0.40 dt/total 0.78 f1@0.5 33.95 f1@0.5_b 44.71 frame_acc 45.83 frame_acc_b 46.29 loss 0.21 t 0.51 
Epoch end: val: dt 0.35 dt/total 1.00 f1@0.5 50.27 f1@0.5_b 52.64 frame_acc 51.68 frame_acc_b 53.69 loss 0.24 t 0.35 
saving model  model_0000252966.pt
Epoch 76/100
Epoch end: train: dt 0.41 dt/total 0.79 f1@0.5 33.90 f1@0.5_b 44.07 frame_acc 45.63 frame_acc_b 45.95 loss 0.21 t 0.52 
Epoch end: val: dt 0.35 dt/total 1.00 f1@0.5 49.10 f1@0.5_b 51.94 frame_acc 52.26 frame_acc_b 53.57 loss 0.24 t 0.35 
saving model  model_0000253001.pt
Epoch 77/100
Epoch end: train: dt 0.40 dt/total 0.79 f1@0.5 33.74 f1@0.5_b 43.91 frame_acc 45.44 frame_acc_b 45.99 loss 0.21 t 0.51 
Epoch end: val: dt 0.35 dt/total 1.00 f1@0.5 50.11 f1@0.5_b 51.73 frame_acc 52.79 frame_acc_b 53.70 loss 0.23 t 0.35 
saving model  model_0000253036.pt
Epoch 78/100
Epoch end: train: dt 0.41 dt/total 0.79 f1@0.5 33.80 f1@0.5_b 44.23 frame_acc 45.46 frame_acc_b 46.11 loss 0.21 t 0.52 
Epoch end: val: dt 0.35 dt/total 1.00 f1@0.5 50.82 f1@0.5_b 51.80 frame_acc 52.67 frame_acc_b 54.10 loss 0.23 t 0.35 
saving model  model_0000253071.pt
Epoch 79/100
Epoch end: train: dt 0.41 dt/total 0.79 f1@0.5 33.27 f1@0.5_b 44.46 frame_acc 45.63 frame_acc_b 46.27 loss 0.21 t 0.52 
Epoch end: val: dt 0.35 dt/total 1.00 f1@0.5 50.65 f1@0.5_b 52.87 frame_acc 52.46 frame_acc_b 54.03 loss 0.24 t 0.35 
saving model  model_0000253106.pt
Epoch 80/100
Epoch end: train: dt 0.40 dt/total 0.78 f1@0.5 33.75 f1@0.5_b 44.34 frame_acc 45.56 frame_acc_b 45.95 loss 0.21 t 0.51 
Epoch end: val: dt 0.35 dt/total 1.00 f1@0.5 52.26 f1@0.5_b 53.30 frame_acc 52.38 frame_acc_b 53.27 loss 0.24 t 0.35 
saving model  model_0000253141.pt
Epoch 81/100
Epoch end: train: dt 0.40 dt/total 0.78 f1@0.5 34.18 f1@0.5_b 45.49 frame_acc 45.81 frame_acc_b 46.24 loss 0.21 t 0.51 
Epoch end: val: dt 0.35 dt/total 1.00 f1@0.5 49.81 f1@0.5_b 51.65 frame_acc 52.22 frame_acc_b 53.48 loss 0.24 t 0.35 
saving model  model_0000253176.pt
Epoch 82/100
Epoch end: train: dt 0.40 dt/total 0.79 f1@0.5 34.07 f1@0.5_b 44.75 frame_acc 45.65 frame_acc_b 46.21 loss 0.21 t 0.52 
Epoch end: val: dt 0.35 dt/total 1.00 f1@0.5 50.08 f1@0.5_b 52.18 frame_acc 52.67 frame_acc_b 54.60 loss 0.23 t 0.35 
saving model  model_0000253211.pt
Epoch 83/100
Epoch end: train: dt 0.41 dt/total 0.79 f1@0.5 34.05 f1@0.5_b 44.93 frame_acc 45.88 frame_acc_b 46.41 loss 0.21 t 0.52 
Epoch end: val: dt 0.35 dt/total 1.00 f1@0.5 51.53 f1@0.5_b 53.72 frame_acc 53.55 frame_acc_b 54.80 loss 0.23 t 0.35 
saving model  model_0000253246.pt
Epoch 84/100
Epoch end: train: dt 0.41 dt/total 0.79 f1@0.5 33.91 f1@0.5_b 43.77 frame_acc 45.64 frame_acc_b 45.83 loss 0.21 t 0.52 
Epoch end: val: dt 0.35 dt/total 1.00 f1@0.5 50.52 f1@0.5_b 52.20 frame_acc 52.44 frame_acc_b 53.56 loss 0.24 t 0.35 
saving model  model_0000253281.pt
Epoch 85/100
Epoch end: train: dt 0.41 dt/total 0.79 f1@0.5 34.16 f1@0.5_b 44.30 frame_acc 46.01 frame_acc_b 46.21 loss 0.21 t 0.52 
Epoch end: val: dt 0.35 dt/total 1.00 f1@0.5 49.30 f1@0.5_b 53.49 frame_acc 51.75 frame_acc_b 54.13 loss 0.23 t 0.35 
saving model  model_0000253316.pt
Epoch 86/100
Epoch end: train: dt 0.41 dt/total 0.79 f1@0.5 34.60 f1@0.5_b 44.60 frame_acc 45.91 frame_acc_b 46.04 loss 0.21 t 0.52 
Epoch end: val: dt 0.35 dt/total 1.00 f1@0.5 51.58 f1@0.5_b 52.68 frame_acc 52.23 frame_acc_b 53.64 loss 0.24 t 0.35 
saving model  model_0000253351.pt
Epoch 87/100
Epoch end: train: dt 0.40 dt/total 0.78 f1@0.5 34.41 f1@0.5_b 44.69 frame_acc 45.91 frame_acc_b 46.37 loss 0.21 t 0.51 
Epoch end: val: dt 0.35 dt/total 1.00 f1@0.5 52.07 f1@0.5_b 53.43 frame_acc 53.15 frame_acc_b 54.48 loss 0.23 t 0.35 
saving model  model_0000253386.pt
Epoch 88/100
Epoch end: train: dt 0.40 dt/total 0.79 f1@0.5 34.63 f1@0.5_b 44.90 frame_acc 45.98 frame_acc_b 46.47 loss 0.21 t 0.51 
Epoch end: val: dt 0.34 dt/total 1.00 f1@0.5 50.70 f1@0.5_b 54.51 frame_acc 52.43 frame_acc_b 54.77 loss 0.23 t 0.34 
saving model  model_0000253421.pt
Epoch 89/100
Epoch end: train: dt 0.40 dt/total 0.79 f1@0.5 34.69 f1@0.5_b 45.22 frame_acc 45.81 frame_acc_b 46.24 loss 0.21 t 0.51 
Epoch end: val: dt 0.35 dt/total 1.00 f1@0.5 51.09 f1@0.5_b 52.74 frame_acc 52.47 frame_acc_b 54.19 loss 0.23 t 0.35 
saving model  model_0000253456.pt
Epoch 90/100
Epoch end: train: dt 0.40 dt/total 0.78 f1@0.5 34.19 f1@0.5_b 44.72 frame_acc 45.79 frame_acc_b 46.31 loss 0.21 t 0.51 
Epoch end: val: dt 0.35 dt/total 1.00 f1@0.5 51.91 f1@0.5_b 53.43 frame_acc 53.43 frame_acc_b 54.82 loss 0.23 t 0.35 
saving model  model_0000253491.pt
Epoch 91/100
Epoch end: train: dt 0.40 dt/total 0.78 f1@0.5 33.75 f1@0.5_b 44.61 frame_acc 45.44 frame_acc_b 46.00 loss 0.21 t 0.51 
Epoch end: val: dt 0.34 dt/total 1.00 f1@0.5 50.27 f1@0.5_b 52.87 frame_acc 52.65 frame_acc_b 54.10 loss 0.23 t 0.34 
saving model  model_0000253526.pt
Epoch 92/100
Epoch end: train: dt 0.40 dt/total 0.78 f1@0.5 33.37 f1@0.5_b 44.73 frame_acc 45.46 frame_acc_b 46.02 loss 0.21 t 0.51 
Epoch end: val: dt 0.34 dt/total 1.00 f1@0.5 50.29 f1@0.5_b 52.60 frame_acc 52.31 frame_acc_b 53.97 loss 0.24 t 0.34 
saving model  model_0000253561.pt
Epoch 93/100
Epoch end: train: dt 0.40 dt/total 0.78 f1@0.5 33.46 f1@0.5_b 43.77 frame_acc 45.30 frame_acc_b 45.70 loss 0.21 t 0.51 
Epoch end: val: dt 0.34 dt/total 1.00 f1@0.5 51.58 f1@0.5_b 53.66 frame_acc 53.55 frame_acc_b 54.40 loss 0.23 t 0.34 
saving model  model_0000253596.pt
Epoch 94/100
Epoch end: train: dt 0.41 dt/total 0.79 f1@0.5 33.68 f1@0.5_b 44.34 frame_acc 45.53 frame_acc_b 45.99 loss 0.21 t 0.52 
Epoch end: val: dt 0.35 dt/total 1.00 f1@0.5 49.65 f1@0.5_b 52.50 frame_acc 52.14 frame_acc_b 54.10 loss 0.23 t 0.35 
saving model  model_0000253631.pt
Epoch 95/100
Epoch end: train: dt 0.41 dt/total 0.79 f1@0.5 34.02 f1@0.5_b 45.48 frame_acc 45.68 frame_acc_b 46.45 loss 0.21 t 0.52 
Epoch end: val: dt 0.35 dt/total 1.00 f1@0.5 49.67 f1@0.5_b 53.16 frame_acc 51.95 frame_acc_b 53.70 loss 0.24 t 0.35 
saving model  model_0000253666.pt
Epoch 96/100
Epoch end: train: dt 0.41 dt/total 0.79 f1@0.5 34.17 f1@0.5_b 45.25 frame_acc 45.78 frame_acc_b 46.40 loss 0.21 t 0.52 
Epoch end: val: dt 0.35 dt/total 1.00 f1@0.5 51.33 f1@0.5_b 53.98 frame_acc 52.88 frame_acc_b 54.40 loss 0.24 t 0.35 
saving model  model_0000253701.pt
Epoch 97/100
Epoch end: train: dt 0.40 dt/total 0.78 f1@0.5 34.03 f1@0.5_b 44.55 frame_acc 45.97 frame_acc_b 46.18 loss 0.21 t 0.51 
Epoch end: val: dt 0.35 dt/total 1.00 f1@0.5 51.37 f1@0.5_b 53.65 frame_acc 52.99 frame_acc_b 54.20 loss 0.23 t 0.35 
saving model  model_0000253736.pt
Epoch 98/100
Epoch end: train: dt 0.41 dt/total 0.79 f1@0.5 34.18 f1@0.5_b 44.44 frame_acc 46.08 frame_acc_b 46.49 loss 0.21 t 0.52 
Epoch end: val: dt 0.35 dt/total 1.00 f1@0.5 49.60 f1@0.5_b 51.83 frame_acc 51.69 frame_acc_b 53.23 loss 0.24 t 0.35 
saving model  model_0000253771.pt
Epoch 99/100
Epoch end: train: dt 0.41 dt/total 0.79 f1@0.5 34.19 f1@0.5_b 44.52 frame_acc 46.17 frame_acc_b 46.26 loss 0.21 t 0.52 
Epoch end: val: dt 0.35 dt/total 1.00 f1@0.5 51.12 f1@0.5_b 53.48 frame_acc 52.11 frame_acc_b 54.00 loss 0.23 t 0.35 
saving model  model_0000253806.pt
Epoch 100/100
Epoch end: train: dt 0.41 dt/total 0.79 f1@0.5 33.72 f1@0.5_b 44.53 frame_acc 46.09 frame_acc_b 46.39 loss 0.21 t 0.52 
Epoch end: val: dt 0.35 dt/total 1.00 f1@0.5 49.98 f1@0.5_b 53.45 frame_acc 52.22 frame_acc_b 54.13 loss 0.24 t 0.35 
saving model  model_0000253841.pt
