Cuda current device  0
Loading features...
Example feature for episode:
5085344787448740525
(36795, 534)
float32
[-4.6243966e-01 -7.7108365e-01  4.8407839e-04 -6.8785423e-01
 -6.4402676e-01  9.5478934e-04 -3.7152717e-01 -7.6682496e-01
 -2.6907807e-04 -6.7402273e-01]
Loading word spottings...
Adding bias to word spottings  0
mode  train
number of samples 1752714
Mean feats length samples 6.0
Standard deviation feats length samples 0.0
Min feats length samples 6
Max feats length samples 6
80\% percentile feats length 6.0
90\% percentile feats length 6.0
95\% percentile feats length 6.0
Mean texts length samples 5.455297898002755
Standard deviation texts length samples 2.0557668357452528
Min texts length samples 1
Max texts length samples 30
80\% percentile texts length 7.0
90\% percentile texts length 8.0
95\% percentile texts length 9.0
Loading features...
Example feature for episode:
5213407827313563421
(22050, 534)
float32
[ 4.6581715e-01  1.5135199e-02  8.7896315e-04 -5.5268341e-01
 -9.3495198e-02  1.4899562e-03  6.5246028e-01  8.9883506e-01
 -7.3029648e-04 -8.9030623e-01]
Loading word spottings...
Adding bias to word spottings  0
mode  val
number of samples 56222
Mean feats length samples 6.0
Standard deviation feats length samples 0.0
Min feats length samples 6
Max feats length samples 6
80\% percentile feats length 6.0
90\% percentile feats length 6.0
95\% percentile feats length 6.0
Mean texts length samples 5.415246700579845
Standard deviation texts length samples 2.1027620166714196
Min texts length samples 1
Max texts length samples 20
80\% percentile texts length 7.0
90\% percentile texts length 8.0
95\% percentile texts length 9.0
Model's state_dict:
[32mAdam (
Parameter Group 0
    amsgrad: False
    betas: (0.9, 0.999)
    capturable: False
    differentiable: False
    eps: 1e-08
    foreach: None
    fused: None
    lr: 1e-05
    maximize: False
    weight_decay: 0
)[0m
Number of parameters: 16105729
Epoch end: val: dt 0.97 dt/total 1.00 f1@0.5 0.15 f1@0.5_b 3.29 frame_acc 0.67 frame_acc_b 2.52 loss 1.04 t 0.97 
Epoch 1/100
Epoch end: train: dt 1.23 dt/total 0.78 f1@0.5 0.09 f1@0.5_b 3.42 frame_acc 4.04 frame_acc_b 2.53 loss 1.18 t 1.58 
Epoch end: val: dt 0.97 dt/total 1.00 f1@0.5 2.54 f1@0.5_b 3.47 frame_acc 3.01 frame_acc_b 2.62 loss 0.79 t 0.97 
best checkpoint so far!
saving model  model_0000003424.pt
Epoch 2/100
Epoch end: train: dt 1.25 dt/total 0.78 f1@0.5 0.57 f1@0.5_b 3.39 frame_acc 4.70 frame_acc_b 2.52 loss 1.18 t 1.60 
Epoch end: val: dt 0.96 dt/total 1.00 f1@0.5 1.01 f1@0.5_b 3.25 frame_acc 1.83 frame_acc_b 2.48 loss 0.78 t 0.96 
saving model  model_0000006848.pt
Epoch 3/100
Epoch end: train: dt 1.25 dt/total 0.78 f1@0.5 0.63 f1@0.5_b 3.38 frame_acc 4.74 frame_acc_b 2.52 loss 1.17 t 1.60 
Epoch end: val: dt 0.99 dt/total 1.00 f1@0.5 2.14 f1@0.5_b 3.49 frame_acc 4.87 frame_acc_b 2.57 loss 0.78 t 0.99 
best checkpoint so far!
saving model  model_0000010272.pt
Epoch 4/100
Epoch end: train: dt 1.23 dt/total 0.78 f1@0.5 0.58 f1@0.5_b 3.38 frame_acc 4.73 frame_acc_b 2.51 loss 1.17 t 1.58 
Epoch end: val: dt 0.92 dt/total 1.00 f1@0.5 0.36 f1@0.5_b 3.24 frame_acc 2.89 frame_acc_b 2.47 loss 0.78 t 0.92 
saving model  model_0000013696.pt
Epoch 5/100
Epoch end: train: dt 1.21 dt/total 0.77 f1@0.5 0.56 f1@0.5_b 3.38 frame_acc 4.71 frame_acc_b 2.52 loss 1.17 t 1.56 
Epoch end: val: dt 0.92 dt/total 1.00 f1@0.5 1.29 f1@0.5_b 3.13 frame_acc 4.20 frame_acc_b 2.48 loss 0.78 t 0.92 
saving model  model_0000017120.pt
Epoch 6/100
Epoch end: train: dt 1.19 dt/total 0.77 f1@0.5 0.68 f1@0.5_b 3.41 frame_acc 4.75 frame_acc_b 2.53 loss 1.17 t 1.54 
Epoch end: val: dt 0.91 dt/total 1.00 f1@0.5 1.51 f1@0.5_b 3.63 frame_acc 3.89 frame_acc_b 2.61 loss 0.78 t 0.91 
saving model  model_0000020544.pt
Epoch 7/100
Epoch end: train: dt 1.18 dt/total 0.77 f1@0.5 0.76 f1@0.5_b 3.39 frame_acc 4.77 frame_acc_b 2.53 loss 1.17 t 1.53 
Epoch end: val: dt 0.95 dt/total 1.00 f1@0.5 1.71 f1@0.5_b 3.22 frame_acc 4.70 frame_acc_b 2.46 loss 0.78 t 0.95 
saving model  model_0000023968.pt
Epoch 8/100
Epoch end: train: dt 1.20 dt/total 0.77 f1@0.5 0.68 f1@0.5_b 3.40 frame_acc 4.73 frame_acc_b 2.52 loss 1.17 t 1.55 
Epoch end: val: dt 1.02 dt/total 1.00 f1@0.5 1.72 f1@0.5_b 3.36 frame_acc 4.75 frame_acc_b 2.51 loss 0.78 t 1.02 
saving model  model_0000027392.pt
Epoch 9/100
Epoch end: train: dt 1.24 dt/total 0.78 f1@0.5 0.73 f1@0.5_b 3.42 frame_acc 4.73 frame_acc_b 2.54 loss 1.17 t 1.59 
Epoch end: val: dt 0.92 dt/total 1.00 f1@0.5 1.45 f1@0.5_b 3.48 frame_acc 4.97 frame_acc_b 2.53 loss 0.78 t 0.92 
best checkpoint so far!
saving model  model_0000030816.pt
Epoch 10/100
Epoch end: train: dt 1.25 dt/total 0.78 f1@0.5 0.73 f1@0.5_b 3.40 frame_acc 4.74 frame_acc_b 2.53 loss 1.17 t 1.60 
Epoch end: val: dt 0.90 dt/total 1.00 f1@0.5 0.05 f1@0.5_b 3.50 frame_acc 4.99 frame_acc_b 2.54 loss 0.78 t 0.90 
best checkpoint so far!
saving model  model_0000034240.pt
Epoch 11/100
Epoch end: train: dt 1.24 dt/total 0.78 f1@0.5 0.81 f1@0.5_b 3.41 frame_acc 4.77 frame_acc_b 2.53 loss 1.17 t 1.59 
Epoch end: val: dt 1.02 dt/total 1.00 f1@0.5 1.04 f1@0.5_b 3.36 frame_acc 4.01 frame_acc_b 2.47 loss 0.78 t 1.02 
saving model  model_0000037664.pt
Epoch 12/100
Epoch end: train: dt 1.25 dt/total 0.78 f1@0.5 0.78 f1@0.5_b 3.41 frame_acc 4.75 frame_acc_b 2.54 loss 1.17 t 1.60 
Epoch end: val: dt 1.01 dt/total 1.00 f1@0.5 1.58 f1@0.5_b 3.38 frame_acc 4.85 frame_acc_b 2.53 loss 0.78 t 1.01 
saving model  model_0000041088.pt
Epoch 13/100
Epoch end: train: dt 1.25 dt/total 0.78 f1@0.5 0.73 f1@0.5_b 3.40 frame_acc 4.73 frame_acc_b 2.52 loss 1.17 t 1.60 
Epoch end: val: dt 0.96 dt/total 1.00 f1@0.5 1.74 f1@0.5_b 3.41 frame_acc 4.51 frame_acc_b 2.56 loss 0.78 t 0.96 
saving model  model_0000044512.pt
Epoch 14/100
Epoch end: train: dt 1.18 dt/total 0.77 f1@0.5 0.80 f1@0.5_b 3.39 frame_acc 4.75 frame_acc_b 2.52 loss 1.17 t 1.53 
Epoch end: val: dt 0.95 dt/total 1.00 f1@0.5 2.13 f1@0.5_b 3.61 frame_acc 4.92 frame_acc_b 2.65 loss 0.78 t 0.95 
saving model  model_0000047936.pt
Epoch 15/100
Epoch end: train: dt 1.16 dt/total 0.77 f1@0.5 0.77 f1@0.5_b 3.39 frame_acc 4.74 frame_acc_b 2.52 loss 1.17 t 1.52 
Epoch end: val: dt 0.87 dt/total 1.00 f1@0.5 2.00 f1@0.5_b 3.23 frame_acc 4.96 frame_acc_b 2.47 loss 0.78 t 0.87 
saving model  model_0000051360.pt
Epoch 16/100
Epoch end: train: dt 1.16 dt/total 0.77 f1@0.5 0.84 f1@0.5_b 3.37 frame_acc 4.76 frame_acc_b 2.51 loss 1.17 t 1.51 
Epoch end: val: dt 0.86 dt/total 1.00 f1@0.5 1.67 f1@0.5_b 3.30 frame_acc 4.94 frame_acc_b 2.46 loss 0.78 t 0.86 
saving model  model_0000054784.pt
Epoch 17/100
Epoch end: train: dt 1.17 dt/total 0.77 f1@0.5 0.76 f1@0.5_b 3.41 frame_acc 4.73 frame_acc_b 2.53 loss 1.17 t 1.52 
Epoch end: val: dt 0.84 dt/total 1.00 f1@0.5 1.06 f1@0.5_b 3.30 frame_acc 4.98 frame_acc_b 2.49 loss 0.78 t 0.84 
saving model  model_0000058208.pt
Epoch 18/100
Epoch end: train: dt 1.17 dt/total 0.77 f1@0.5 0.80 f1@0.5_b 3.38 frame_acc 4.75 frame_acc_b 2.52 loss 1.17 t 1.52 
Epoch end: val: dt 0.92 dt/total 1.00 f1@0.5 2.06 f1@0.5_b 3.50 frame_acc 4.93 frame_acc_b 2.57 loss 0.78 t 0.92 
saving model  model_0000061632.pt
Epoch 19/100
Epoch end: train: dt 1.17 dt/total 0.77 f1@0.5 0.80 f1@0.5_b 3.39 frame_acc 4.76 frame_acc_b 2.52 loss 1.17 t 1.52 
Epoch end: val: dt 0.87 dt/total 1.00 f1@0.5 1.50 f1@0.5_b 3.37 frame_acc 4.98 frame_acc_b 2.49 loss 0.79 t 0.87 
saving model  model_0000065056.pt
Epoch 20/100
Epoch end: train: dt 1.15 dt/total 0.77 f1@0.5 0.81 f1@0.5_b 3.40 frame_acc 4.75 frame_acc_b 2.52 loss 1.17 t 1.50 
Epoch end: val: dt 0.84 dt/total 1.00 f1@0.5 0.82 f1@0.5_b 3.29 frame_acc 4.98 frame_acc_b 2.47 loss 0.78 t 0.84 
saving model  model_0000068480.pt
Epoch 21/100
Epoch end: train: dt 1.14 dt/total 0.77 f1@0.5 0.87 f1@0.5_b 3.38 frame_acc 4.80 frame_acc_b 2.52 loss 1.17 t 1.49 
Epoch end: val: dt 0.90 dt/total 1.00 f1@0.5 1.70 f1@0.5_b 3.61 frame_acc 4.94 frame_acc_b 2.65 loss 0.79 t 0.90 
saving model  model_0000071904.pt
Epoch 22/100
Epoch end: train: dt 1.15 dt/total 0.77 f1@0.5 0.78 f1@0.5_b 3.41 frame_acc 4.75 frame_acc_b 2.53 loss 1.17 t 1.50 
Epoch end: val: dt 0.86 dt/total 1.00 f1@0.5 0.29 f1@0.5_b 3.51 frame_acc 4.99 frame_acc_b 2.56 loss 0.78 t 0.87 
best checkpoint so far!
saving model  model_0000075328.pt
Epoch 23/100
Epoch end: train: dt 1.14 dt/total 0.76 f1@0.5 0.86 f1@0.5_b 3.40 frame_acc 4.77 frame_acc_b 2.52 loss 1.17 t 1.49 
Epoch end: val: dt 0.90 dt/total 1.00 f1@0.5 1.80 f1@0.5_b 3.24 frame_acc 4.91 frame_acc_b 2.40 loss 0.79 t 0.90 
saving model  model_0000078752.pt
Epoch 24/100
Epoch end: train: dt 1.17 dt/total 0.77 f1@0.5 0.81 f1@0.5_b 3.41 frame_acc 4.77 frame_acc_b 2.53 loss 1.17 t 1.52 
Epoch end: val: dt 0.90 dt/total 1.00 f1@0.5 1.83 f1@0.5_b 3.40 frame_acc 4.95 frame_acc_b 2.51 loss 0.78 t 0.90 
saving model  model_0000082176.pt
Epoch 25/100
Epoch end: train: dt 1.17 dt/total 0.77 f1@0.5 0.84 f1@0.5_b 3.40 frame_acc 4.77 frame_acc_b 2.53 loss 1.17 t 1.52 
Epoch end: val: dt 0.95 dt/total 1.00 f1@0.5 1.18 f1@0.5_b 3.34 frame_acc 4.28 frame_acc_b 2.53 loss 0.78 t 0.95 
saving model  model_0000085600.pt
Epoch 26/100
