Cuda current device  0
Loading features...
Example feature for episode:
5085344787448740525
(16875, 768)
float64
[0.37454012 0.95071431 0.73199394 0.59865848 0.15601864 0.15599452
 0.05808361 0.86617615 0.60111501 0.70807258]
Loading word spottings...
Adding bias to word spottings  0
mode  train
number of samples 1752714
Mean feats length samples 6.0
Standard deviation feats length samples 0.0
Min feats length samples 6
Max feats length samples 6
80\% percentile feats length 6.0
90\% percentile feats length 6.0
95\% percentile feats length 6.0
Mean texts length samples 5.455297898002755
Standard deviation texts length samples 2.0557668357452528
Min texts length samples 1
Max texts length samples 30
80\% percentile texts length 7.0
90\% percentile texts length 8.0
95\% percentile texts length 9.0
Loading features...
